<?xml version="1.0" encoding="UTF-8"?>
<con:soapui-project id="96f2678f-f263-4dff-a62f-737c7735de42" activeEnvironment="Default" name="Project 2" resourceRoot="" soapui-version="5.7.0" xmlns:con="http://eviware.com/soapui/config"><con:settings/><con:testSuite id="6fd3a166-d4ca-4a73-a4f9-42e7a07edcc2" name="TestSuite 1"><con:settings/><con:runType>SEQUENTIAL</con:runType><con:testCase id="3299e012-9889-4523-9b3d-b51f0fff865e" failOnError="true" failTestCaseOnErrors="true" keepSession="false" maxResults="0" name="TestCase 1" searchProperties="true"><con:settings/><con:testStep type="httprequest" name="HTTP Request" id="a2d327af-b524-4fd0-affb-10b581f7efe7"><con:settings/><con:config method="POST" xsi:type="con:HttpRequest" id="f6f5757f-29bd-482c-82e5-99d225e7c100" name="HTTP Request" postQueryString="false" mediaType="multipart/form-data" xmlns:xsi="http://www.w3.org/2001/XMLSchema-instance"><con:settings><con:setting id="com.eviware.soapui.impl.wsdl.WsdlRequest@request-headers">&lt;xml-fragment/></con:setting></con:settings><con:endpoint>http://localhost:8080/restyeasy/rws/file-system/upload</con:endpoint><con:request/><con:credentials><con:authType>No Authorization</con:authType></con:credentials><con:attachment><con:name>soapui-settings.xml</con:name><con:contentType>text/xml</con:contentType><con:size>2341</con:size><con:contentId>soapui-settings.xml</con:contentId><con:url>C:/Users/KarpukAU/soapui-settings.xml</con:url><con:data>UEsDBBQACAgIACyIflYAAAAAAAAAAAAAAAATAAAAc29hcHVpLXNldHRpbmdzLnhtbKVWTW8TMRC9I/Efoj1wczYB8aHQblsopRVFRaQBDpGsqXeyMfXaxvZmk3/P7EeTBiEl2xxjzzzPvHnzskcny1z1Fui8NPo4GvYHUQ+1MKnU2XE0ub1g76KT5PmzI2H0yBuwhWQeQ6Br36NU7UeiSpyHYEdxjAtZgsO+MHncRMd0PZNZlDQITWpPpsfRT5+qcQt1ikuhihRTFlYWfZS8UOF9lYA6uFW3h7yYYw6nbWBZlv3yVd+4LH45GAzjX1+vx3VA9UK8fiI5ih/Vt6NYDTmyUoY5u5O6YipKgitwB8QlFbSGqKrjLe1RMuwPuyTnsOTBBFCcwjSKQCDEGfU36ALj0FtKREYkWvrR1NK1E4WwQJ4bcY86kxr3QphcrfOhCIb7CsM685ua8dxojksZuiL5uSl5il44aVtK9gDYmiwJjWWo0UEFwECVsPJM6lqczNSwoBgqzEk2+z4Aa/zC4znOoFDhOyoI6G/NoRhVo3Npb2lvnkSYD+BCYbmFrDNAJrjUAd0CVJS82SW+LaYF0Bayko6eMCZSawgrZh29ztYypuF1l287W+7wT4E+UD88yBx5ANLzIXBNUYfi1dOpt4t74lmKA/ZrM6rdk9rIrXLXs9pibsivnKQFo+vmpLN2TQvxaSl9dXKJkJIJdsZBDXcKL4y7aVdyL4Qfjd9ObEqrt0UQIzGKe9YaMivqiL0wvzmzXG1h1SdPyG162j97jKJwMmwAUukrhAcf5cpA2ky+scQ9aR5vtKOMgGbOH0fTCQnQT7+As8X92WR6Zu05BJheU4yajnPS6QcENx2TXiZX7HX/bX8Ql14ycrnAgjHKd3emFQ+FxjRKZqD8rso/K3MHigi06B7RYpsD+fBZUXn8zEFWOXj87/9+/J/vnOQvUEsHCMaww1GfAgAAJQkAAFBLAQIUABQACAgIACyIflbGsMNRnwIAACUJAAATAAAAAAAAAAAAAAAAAAAAAABzb2FwdWktc2V0dGluZ3MueG1sUEsFBgAAAAABAAEAQQAAAOACAAAAAA==</con:data><con:id>0f834c20-ff09-4217-a7c4-78d57ce6aa01</con:id></con:attachment><con:jmsConfig JMSDeliveryMode="PERSISTENT"/><con:jmsPropertyConfig/><con:parameters/></con:config></con:testStep><con:properties/></con:testCase><con:properties/></con:testSuite><con:properties/><con:wssContainer/><con:oAuth2ProfileContainer/><con:oAuth1ProfileContainer/><con:sensitiveInformation/></con:soapui-project>