<?xml version="1.0" encoding="UTF-8"?>
<con:soapui-project id="96f2678f-f263-4dff-a62f-737c7735de42" activeEnvironment="Default" name="Project 2" resourceRoot="" soapui-version="5.7.0" abortOnError="false" runType="SEQUENTIAL" xmlns:con="http://eviware.com/soapui/config"><con:settings/><con:testSuite id="6fd3a166-d4ca-4a73-a4f9-42e7a07edcc2" name="TestSuite 1"><con:settings/><con:runType>SEQUENTIAL</con:runType><con:testCase id="3299e012-9889-4523-9b3d-b51f0fff865e" failOnError="true" failTestCaseOnErrors="true" keepSession="false" maxResults="0" name="TestCase 1" searchProperties="true"><con:settings/><con:testStep type="httprequest" name="HTTP Request" id="a2d327af-b524-4fd0-affb-10b581f7efe7"><con:settings/><con:config method="POST" xsi:type="con:HttpRequest" id="f6f5757f-29bd-482c-82e5-99d225e7c100" name="HTTP Request" postQueryString="false" mediaType="multipart/form-data" xmlns:xsi="http://www.w3.org/2001/XMLSchema-instance"><con:settings><con:setting id="com.eviware.soapui.impl.wsdl.WsdlRequest@request-headers">&lt;xml-fragment/></con:setting></con:settings><con:endpoint>http://localhost:8080/restyeasy/rws/file-system/upload</con:endpoint><con:request/><con:credentials><con:authType>No Authorization</con:authType></con:credentials><con:attachment><con:name>soapui-settings.xml</con:name><con:contentType>text/xml</con:contentType><con:size>2341</con:size><con:contentId>soapui-settings.xml</con:contentId><con:data>UEsDBBQACAgIACyIflYAAAAAAAAAAAAAAAATAAAAc29hcHVpLXNldHRpbmdzLnhtbKVWTW8TMRC9I/Efoj1wczYB8aHQblsopRVFRaQBDpGsqXeyMfXaxvZmk3/P7EeTBiEl2xxjzzzPvHnzskcny1z1Fui8NPo4GvYHUQ+1MKnU2XE0ub1g76KT5PmzI2H0yBuwhWQeQ6Br36NU7UeiSpyHYEdxjAtZgsO+MHncRMd0PZNZlDQITWpPpsfRT5+qcQt1ikuhihRTFlYWfZS8UOF9lYA6uFW3h7yYYw6nbWBZlv3yVd+4LH45GAzjX1+vx3VA9UK8fiI5ih/Vt6NYDTmyUoY5u5O6YipKgitwB8QlFbSGqKrjLe1RMuwPuyTnsOTBBFCcwjSKQCDEGfU36ALj0FtKREYkWvrR1NK1E4WwQJ4bcY86kxr3QphcrfOhCIb7CsM685ua8dxojksZuiL5uSl5il44aVtK9gDYmiwJjWWo0UEFwECVsPJM6lqczNSwoBgqzEk2+z4Aa/zC4znOoFDhOyoI6G/NoRhVo3Npb2lvnkSYD+BCYbmFrDNAJrjUAd0CVJS82SW+LaYF0Bayko6eMCZSawgrZh29ztYypuF1l287W+7wT4E+UD88yBx5ANLzIXBNUYfi1dOpt4t74lmKA/ZrM6rdk9rIrXLXs9pibsivnKQFo+vmpLN2TQvxaSl9dXKJkJIJdsZBDXcKL4y7aVdyL4Qfjd9ObEqrt0UQIzGKe9YaMivqiL0wvzmzXG1h1SdPyG162j97jKJwMmwAUukrhAcf5cpA2ky+scQ9aR5vtKOMgGbOH0fTCQnQT7+As8X92WR6Zu05BJheU4yajnPS6QcENx2TXiZX7HX/bX8Ql14ycrnAgjHKd3emFQ+FxjRKZqD8rso/K3MHigi06B7RYpsD+fBZUXn8zEFWOXj87/9+/J/vnOQvUEsHCMaww1GfAgAAJQkAAFBLAQIUABQACAgIACyIflbGsMNRnwIAACUJAAATAAAAAAAAAAAAAAAAAAAAAABzb2FwdWktc2V0dGluZ3MueG1sUEsFBgAAAAABAAEAQQAAAOACAAAAAA==</con:data><con:id>0f834c20-ff09-4217-a7c4-78d57ce6aa01</con:id></con:attachment><con:attachment><con:name>image.jpg</con:name><con:contentType>image/jpeg</con:contentType><con:size>65536</con:size><con:contentId>image.jpg</con:contentId><con:url>C:/Users/KarpukAU/image.jpg</con:url><con:data>UEsDBBQACAgIAF1af1YAAAAAAAAAAAAAAAAJAAAAaW1hZ2UuanBnnLdnOBts/P5NqVW09m5rj6BWbFrU3kEQo7aIGVt0mSWIRsxYtQWJFSNUb7X3pnZrxdZhtNX27v/+/Y/n+b953jzPc16vruN8c32O73lcx/f8u/z3E8UdEwNjAwpKSkoKt/8Oxd81ikQKJnqGWwx0TLcYbjEzM91mu8/BxsrKJs5/l+u+rKS8nKykjLSiuom2orKBirTMI3sdAzMLkA1IQRviDrFyM7EGWVIyMzOzsbCJcXCIWQJlgJb/n/W3l4KFjrL0RjAVJQvFDRZKKhbKvwOU5RQUlDcp/7co/i9R3qCivklDS/ffg+9Q3KCkorpBTXXzJjX1f86z/zwKapabrILyOjRs1u60QnB2hTh0GZ2wbvN7DtDsFxFFj9B4egZOLm4eXlExcQlJKSWgsoqqmrreY30DQyNjExtbO7C9gyPE08vbxxfqBwsLj4iMio5BJCQmJb9KSUVmYbJzcvPyC7DlFZVV1TW1uLqWVmJbe0cnqauvf2BwaHhkdGxufmFx6cPyyurW9s7uHnn/4PDo67fzi8ur7z9+XlNSUFH+3/p/8PwHTnmDmpqKmvZ/eChvRP2PyUJ9U1CehlXHmtYdziakEEfHrosua35PL6wI+sLhETrLwCmitCX69X+Q/jfR/zug+P9fRP8H6P/w/F2lYKSi/G9gVCwUDym2zFt8d0UyIUvy5mxSBC1avhgrGldDvBkOWKdSY2fOsi9LFcGRTQh/fHhBk8VDpbtMi9MCYG38ihd2orFRNtMhLYo3h/W/48JIDe5jDaEdM+psPXFBl29F4HZJxen/Uty/xAe5u78pWaBzhZ/aCm7Uyq7SKaYz0FNUXr6pHfpkX4SUfnL/dN2KWVjbLUxHWdx4j1awy4ZU6TUe+Z3RWfEctViIKMRFSZtLmct5lOnzJbxSIEHCwQE1YkSTg304NCl7iOa2WBprIcV0aT4vA8hXb6sHoqVwYC4UxP2eCu/bKgvfT0L9O3Q2bdeuYlan2EuLB+KGJcYKWwCTQQF4170ncSN3Fy6M2lTUHBr586Zvr4qkl3vej8JZk7pzVH/VTpU6FOisYAylMXwZyumHbStqzG+XmjFORRHfru04ZguuKiLCGfFD0XhSV5H/rZM8KeVTEeg7BwULdaSJeclzIWxaV6QSPmicVfwpyzF4Z3n8NpLchbkrluUrpJgy/BWx6Cj0p7L6z0ZKTTfgm975PUhld4FtY6AgTrTbREhG2GvOjxe037br5Tzybco24QPy3aubxiYgwVweYWEEGgtWhMPXYTimQWqV0NPsePoO9V1ec+elxAXRyIxlcXvnRo7sCs/lKmtjqNFkF7pJYExVib5A+37nHb8stsVkAAywSUryreou0s4JDD//07Lu6+n1ayn6rb6EtklmGCFHsi36QmPNaaTx4ooBLrYud8YU/a3qhFyq16JIziww7cuSErmaeBQe9tr/6dOghe4Cd1eUuO4I3XRVzKkAdHQpIr8hoIjzrjs31VJXCFEU7N+cA0OyaG5aKw2e8dAzGssgr7WjB2vvRhQuHP4WxZ3+pTAM03c4BxRl/Vn/XbA6sHLgjzQ004X2CzIZK8BElqqZBnTVjAQAdbIHX+sGDSB3FFmXb9QmgAGdO62r8t0cmLRQLbptYV6wU1pwrbQyHp2Hy1FesYWbKP2ecKqJTY1iSV8adeTPatg9G4cgAtxXq2NvSv4atqbechtSGwxVPUJ8IWSbyZgY874o6Lwg1Pk5nMOB3mJ2j1ZG8TwTlYPY/TGzOCyYFzczXnLKkXZXcbUldGn48Ze8V5pRioU29J0yQDuRYFPZnMeFkpYvRMbjHC1aoZcSn8pMbcFRkTzTwLQo9TlTHcq1qZgy5NHuYZAPD7ugiYUEdlOQ/725pJDtSt1szHgbVzo4qmlx+c9DS8zUHh3FtXWIH36KMEedfDcfiJHef6sTciv/1+J7NrGwd46ayM0hFcHoFDWYNJdoYhwPTaKgAfcnpHkGZyA+LmQi+gQmMm70bht4T75WwslWVEHumWTKdr96keR2Yw5WxhhdA+hntPnenVue2//IQ0d1tGHVp9lgqSCM37/dDLNsr7QdCcJCeEGm3858afkXHDbGRvre+aDT7rm2zVKHLAZUPtpIB7/S3kU7jQr+vIOtLDCRXpxX4jk7s3aMLNMkEwCdlQt2Qz8wFsi+A32WaXaTDfr0n2iTucGaxHdwpEzVmMnuvmW6Lr34C8TgyIZBf8V8wgOeqmn37jvOq4MUwwhhcSGTzmmqKqh5Ku+9jWSa+Nf6gumf5rKU0lO/c52C7BWFpd5/LfKpU1AohN4vdiMx70RzlEdGCUljv13KimzwuxvOFVWFNhQoo32vjjMBE3TmhjJjs4Bi14KayaqNIFJ+fuyd6Om5mrycI1/JMBnmZFXI18QOhRcVCTkWw8e2bWo/ScoQLFeisc9IPoOBonmQN5cvbszxkG1Ujelb3+1NLXPYib9UTyqw56EF8n2uyIZK7T620Dm8zrjHQsxBLN58kJsBDF3p7Ml4BrBejlQdil0cMjqH51tCCah4S0F8f0blUmrr2DUR1Jb456T9k8Tqu0VYX5HXB6llWE32P8pcx2AfnOobp+UFDlr4VdV46POmijJuGZE3Dc9i59vSF4qqysU7iTEU0rG2OKFj6+w2H6/m/I80BX3zFhPNActoB9mdQz0pDDwrktRID1pnIp06EhELlYUzRZLiCVYRDp6KL3XY7/uKb6+1y9MZmhyUn6RX3Y6R+5KI/oPGCKupcZzHnHifsnfdbWciOHFGCChvS5ovlezxX7oOVVAW6D/wdXJrTA481wsryL26XvoyQTX44AXi2uiXVFPL4t0o6R1Az7jxdqBtRtx78T8lsOdVOrDxq0Vlkkw75kXdhHiPD0Ms79agj1JIfW4JeaHpvPazcGWpSccrw+h4ZvYP09bDtjikTcCFgETd09otaV/lPOSfuPeNb1G1XwB6WGUtFbOcoMAsWzXqMOcIT1+3yjOCU/ZWdEOWbCy3fUaBESE/IPryX6G7XBgID+MG5tHtW8dzrwmCFOGVVJ9CuXl5u6hPzoJ6f6aErZJWWzW2AANjC9MTJkVoJz3P3ArnIfjbW5zGu3bLOeEnyDyugxGDM5g3kD18q6m1+PHqzMDb4qJ03p3QwFJTXnh6wJg330P5mpHrgj8e9Bqst9HtKBiJVe56gNx4ByPc9jhPrxrV1Vzp9dVaoE0ly3yDs2HXrcrQ2lhG1+QYFCv0fLHLbrv4cmHIunn2EC7y4YngT3+GwoNAi1Hnw7lV+RlGpFEBzK6n647hyCB1kU/tv8+WtpyGxEDebmWGwNg7OorJn0ABUBTHFPTGgnVxL28qE+/Q3ONWR/b4VwQNcCyW4wE39yJ8EqQb0OzrL9arxzKofyk1zNL5vZ7Uws+NunAdrOZ75z4p6Exi7zZaVbm7yI8vNAAvzyPdas3GsxBWnyazkaHCU5tpy+CmONaM77Ir0JMBY6Etf1fbDsFVcb1AX0Yj5Vqg9pzAhLjypNN9wWRjS252Fa5WNaeA81PIl00YqNvr9zKH9KYGb5eI2zi3908EFuUb5oNnq8gzJnZGvv5dyRxfDrJfSFnIAktkSNllLIdUVPuXlijMkQkGN6cKIpSq4uUF6ruKtZREJ4UqVyMG+N8GvLle7FRiMH79ViHp/ZQUpOn6dWLgD6A0EXrYPue8Xkk/Lt/bUOnHI7Mye3SXsZtz22is1bNKCat4NZP7SjjKW6shyTs1O2EdnJq6/NLrrr48Zq2+gH1o0CFcKPnEWTis4pf+79xyycr1dzV4r6OPenXc0DO/VX88Q2WUr/yb002CotrxFuuiADWiuKg9LWQu41X5Ph7WpkkaxNO8zXK9zyOnfxIjRGwx8FtZzyIfW7a2LveyZRJgrFFSJiAI/wGUkJ/K8tjrX92uB1zlmrv1czkrTlatTR25ykid0X3sUKU0AUEE/LLzAfeQOPfA4iPHS63pq544HXPGF6zjuz+hb1g2O+xYxpqWwCTzoM8Rxn0xSYYWUtlF8baH85lvIzh5AyLRVIpnnpuEPyieucTiEz/dWiMpGik+j3S7C5n82dffgVzAEHNu3mwRNTeAQ+vIwPxeztBhzC8rnhqZpKQXPQZf02knPcNWdu07P6UtqChxePSsp6dYqDPA7cUshkthHePw5+Pi6/z29jJolqdT5KdcoY4bPDL5L2/rbbbiXyVFh07y9YGqz1DdJl+luRiES3dfIH46B1mCMOSaOi1eh9pRiBP2L4UvsdtlkKPV1dkfXH5SjEI5jAjONZQ/G2eluqgvcU/Jan2dwy2Djvpu3egGyJ0vPPMrV3vB6l+HbmurvzEcbwi71qwBPN2cq1OVV83Ok7ZQukt+13bXU+PhzaP7uLbI/SZgRrSL85j27ulssVcBgzm8whHPCCj6OVCS3OXZvAu2LARpvfkKdtOgtI8zsmeboEJdvNSbhlAgZCVuPCEa1RPvSsVEyNj6OeCUKhMwYHRJh9r4Gp4wUnN/CSgeyHL6qano0EKfacJINrrB1mn9wtuVBRwnXENFK0SEW0P4XxebzDUV8gwBJMNMPWfKdOUstpptnw6jbXez+KEr7/oXH9eGOY5FATOArNzfMlFDlR1l0swsa1pHOrzyWSPKjTs2ob63Wm0M8ocjuaKeQFKplTToDASlnbKkEMxm5Mu0al/0k/QQqTJcNsprZBDlH+5BKxpTLfROYeg166PCLsQ8S7PAW1jd4Lu2ogwWeTh7IDdGov++baWy7xuFqbdeVI+LX8tMIdkFacdXW81mzsXXMHHIlYrHMy/Jr8+0JbwK4stLYBU0/WEg1Z0WK+a7T/YgxHL8AjzPI1owa+u78XdDWA6bq+/M2rxSs1LdmbaObU5Ksatt8LR74TP01zjHhbyuszAD/Er27PidZY2oxpJAtX+iDw9EWsY50uKjhdoSvSfwghoO5EQpr/X6zR4O8YUxjcKuKObKLXP9tZXCnowcY+UzptfmZrWjf8rV8jx+z8onGSCWFHotLA4xp6C7ufGqHxhub7n8UFcsx4uHlRAX2nli3JnmbqJpaNsinVMmB8gPiDVZhkjKuTprc4E79VUrL7GxwIO4zInbwEzZdnW1ruK/FMlEp1i/3IAbvaDsAHd1fL1wIwPde5zaxKSNSVtXeqq7zWdkbbcCaXV55/NTxeBuFgJzNEcoEnawWiJ4Mtj+pcnwZrLioXOr2XGNC+/tN2/9vmX0te76PobD1fCwMSNT1koGeGSkcnb2Trib6MSM0T/RgWo8hy7Gy+dehEm/iPHjfDuzfKq5wkIxdk5ybo7vs/o3D4RS8t6pKUmqBam1UYfTV1aCJ3nTvy61ZaD37TDocWdHujOzULalrhhhkejPLE63VTwkLxrVzN65Uxqa9NlKT1syFQyVEzvkHZVz+7JoEcMzFwWNW7vx9j65j5JiOBqAql9ZnFrLn32rvf/vSbh4TwC8RjKAKNO770bxRQqiZG3Uw2dkw0C7YzUn+rEMFA3Rj3jKZs6fIxxb7Q2h4lhFfdomxt4NFIelHLynvuFP9dGJmQE/qpTsFR1/AlnW8M2SA5SnB00h5iJbNMkcKiqPS0LD7CE10kEIbgb+cxd0GdyNQDOb4MzebK5l6fqOlYMj/TCwMuVCrHsLwqZZt8z7eg00SGh85jcQWoQAejpR6XYMstEt4Cx156PzrIN3rH/Yq482jZdZcljhtVtfqOfEJr8/USVgHXjZS7vZ1MA4meVl6V2SS28pYgkPnVfu/7Rnt3Gifj0+kmHE/73hy49S6EnkToh1kjaUvnK90P9HEX+Yy1r9XSbvs41wLaDv+elM5jbHvurKcpssNJtwP7gHOaegClf6XCd1InKBlw1xTMBRsd9s0L3TvGsFShNzOI9HgDr/FPIvC/yo9hlrXZeiyuV4hInlVllNMM5O+ReYfhRuiEvuMwCUlJkHmqWSg8YRthIRyiUyH3OgaZG5fY+FvIQF6PntVLxxs4lv6sbzM8jJkpodrjc9p319EM39Q7IH9cCF2OZ7+9aSV0ptyfL2fK2T+mc3Bn6MobITavep05mJzk8rPAWd0Do0kwkF7Df1MiFo1VaT1fnxAi+6GC19PV71KDCKY60ku0BFrfTObfn3rnQcIQroKdZQfxsh/eA8LPWjyeTtl+It1EW/Zmia7+vqXDScQCQeTXxTaI8+NOiFpN90+3RHh1xu1llRjdRaGjmdQU4qrJCzDlsekbJ5z8LxnbhJY6hhoJ/IOd1sqLlE39mgCRjoG008SLxT6zdtcwixMFEXrG/h9hBJDiNhmy1OZoUr5mU0BwConA49tUnhN/E3UUDXl7aKKJtQ7wJnaXNUCEBSr1CnD1I08EFxVJii8JHW8Vi9SZIaLMqFKDKq1J5ke66vCrI4EPkzD5QJovrdSwGIRN9Z7xEg4jn14jIR+9knVyrAhk2lOJbdn63H1rQMLXvdulEm5FGX2TfgacTlAegK9oE0CIryNs1kOVwKcsda9yCQKwdm7pI8eXcVWyhSsjGraQNtuma9aYMKg1FKSQr3atruznxcJjjx/LMaFAzZZVTkLQkMCuaudzh6K0owln1zP7uIRS9PPsNIhKjF4ePyctfjzV7TqCiIRM3yKH2bpWr0Eq/OChUqsx70GX98lNZRRbECOrdsK6bPBT6ElNhuTApD4LOKr776FARfCYrIJ0nBB4PfmtYo7+OmlAuUrOpPRS2BGLMLt+3FNGVE1WYxvcO9W0WvYR6rijh9Yxh0JXp0sNcpe8Aw3tDahcG45GltpLqxtHRbbLA2DcjBi8WeFyW9jX9lx1EwteFk7imY/Im1JxMfISkp3Is3sK20e0t0SrnRR/F98PFhNVFdLibxYPo7toL1aGFF5XqiFLYP39VOLnawz9hpnj+YvEpj96ueUr+Pt5kjs2UUkPgtHq0Wcm1ioFODSYkor9c7M7Ydy1UeAiOiUorTeBq25I7/6tIvt5CQSnJjod5ULkdXxwFMys3t3LGkvEunl90hStWS50mr5a7kJ3tv1VUuNc/PC88NDDA8IiSO9xl5eoehyxAuIO2Ntzuzwq9pfvUL4YzxqV5sa70HRs5u4IvjSQ3uLivsd3RhMMN4iFWJomuOCeEOWbOLGxFWtz1pRFzOPkd+ylUOuHSPr7ibnC5faZrITTC2zS5eWSpjb0AzXQgZ8d2D1LHtYj1wNyWIYebZhQf+B8KAyml0o2WWhXjlj2cT1+HmRTvIfQJeOAu1dOJvUWCRE++9kDGrX8EjzlHuy/4mRfMf+SkDefAGOtGPNMIgxETCkdZ49UQibrXByhtx46lZmV3IuXvZ5xB+U3tP5n83yds74wni2jlpQU53F7lB/UPfFl/LlsKDaiaSWi/K16vDao9G7qOMxMDhgaR9oarpnAMEuxwLnm9ifiFiPLztm1DKq2ErecepsoPZN7UHKLDxXfD6b+z77lZ45yU7Oxq2Ora9rTBjMKGVpERg3jBl87OPbJZuHbDiFeVEM0weGBTG7Vlo+Sv8hCjJKDmRIif3BF4VLTVnTMWMDT8JDgwU6LpvxffSb2Tfjk/pU3vmyGrnZQNW0ojEKtjxnmK7iqnHwt8ljnNlmTlb5n0RWDsMu8LDQAmhNvgTZuRdT0NXWZJ9Tdem9Evn1pS+TLL23B2rf16YjJnNCusuCeGzKpNPHY2x+gLAOpHI985ukTTZOkXkVg5iiq06rcXi0eB3NajJHACy5rQCnTtirJh8P9wmaZqN65B02C3PmyL5Oe9inD90q283ZPhLvB39II6ERyoFDTv51LN7Uvj2+McWcbhWNaqFIaU9Qz3H4CDGvUtHWfC5F0z57jbpq5JnkA8hYjZrb51zGyrI/1zs7cAvg6HPHv03s+ROen8xVI4+ph2xeTk9XWVDatH3K/UPMgig2swRWSeMq9cD4rQLeywnOHtgsfyK4AJyXsA3GFvMK/GYhn2xiPmMjRQv5/BaC/L8K4mUslYM0icgiE6pt807TKZoG2rBbVX8yr8Q9KPGNovt7hfSmUTQbqxI/PggNqmVUjPZ9ns1cX0qfF5Di88uzSrDxVJrELaE5Z97JTk7LNS+yJGAWPbzC13yywItiHp3hNbQ8luHlrepTrOZzPjBDQXHNRjm/j2s5NgPA/dtqgV4Mr7MIK48PTUaWVBix0xIyB8ix0xdmLsiGitU68ej2gvQC+ng+HqL1fKrtO1beDHr5rTHlhLQHpRx335sYKx348peiAPKEA4Z/HaUqd1zEzguzPltzIneaLfswL9OAWRvOL0td1bYqkBoSACY0Fxp1XlTX6o3Rf+0gRX+MLrQJxEXrLq2nBYuGrKf2KznmITZJ5DW9/JvNGY9U7dCRbbxl7Wme/2ai2T2DzCUZiLT3+O5YCewduuZjdQwWQxIMGDOVGmR0k5g1pgr3Z8n6vPIboWihswHi2S/z5UeYZORPUpC8d+D12fn8gJ4gDvbezGl9omZMiJpXgm9BL3KR5S78yw3N5/ia9U8kUvI7wRvMDjB5wlatHg1poCP1Ki3atCmMhb9I3a+sdEmgp+DOopjtw33udqIG5k1cy//TuyMYslC+Tdf1UPXTc5GpdtUihXj2hELh095cAoJARaGsNWGmIqw/h/iQfvgc+0zhL1CamUB2LFQk4GIMoYNA56f5H6a87k4zHFgyzvWXaibs90JbfUKW186+OKrIh7p1Nq+eSTL9T14ZsECAg1+VfVZHFih/GkOv2M1K7Gubg8o1Orc2uqiP821E1xgjFByKbade1e7/dZUzlh7miHeMMRf0u4AQcT96uJefZ4DjxFzZjuDWpMfoA3h3yH+/U9zP7l14KXSsqequrjm+7lYIyH7V7WTFsOBW3ghAJOW9QLXmXkw/bmhXklDIdrfubmjc75YZJVG/doOF8UBwEHDPqibZ15RQsfOrF8vYMEqGcZhjnnhTBb0F1/ZOBgTaIqABkCPean1GJ/TeBO5mLr1wcHywcQpjGZsPyMcmVoPUw1yiT8ZSm/h3cmwXTPa6Bt+0AhjpYm+rgB/MQjz1a5z7CSk8dyWgM+lUVKnYV+LdWwLTwKbIsSeFN762PYYabQ+f5pwXzzBQRmGbmZhoeBRvRzUk+TitMuVY8PeUZwaiN8lYuTXY8R66sVC3GGHPsEpS+f9WXpcVm0ZDtjNedUULv/sIAbsrobbFMY0RSG5Aheq7mDDck1uN9uqe+X5IN1ufV9kI1ET84h/qjkCzt7p8O6JjYXZSYWFjHNcMNbJPMuN+fe5M4cvYOXxR7SIQ3uuQMUImOe/QQunvaustmjQmbrEwcFAs/rQwVRaWvYDfTFoQfPW8cDqjNwgwvajXi4RUVSaEqhf0rTLKP1KCIlWrtCufpoQSm5OXVOJCOUAhYHd3R/tY6nRgr1UAtC7fXnV9BmhRuQ4o5UvVec6dSKPf2fYc7orYbV4l64VQ5fh35CjjQiysbYT76jyxbokxl8R4NIVLZ1KJbIUIYLukaieuj0AQb+NFn7Y5+90kIa09g2sKnJ4LP8b2KiHqiCmNT9uYNY3Q6avTEcn6Bm/D3+CrRP3Vv8wW8Rxmp37LUcKCiX1XZetBlXAq51T3YIepj6DWgzLGD0Jm1WaNFiDtIwKP1ejbfPncbKNWTzAifPwRLVP+8nS/aT/9AGU5a+3X7+1ZwKO5clrP58a8wigPDSBB3s2Phi0KYuwwbVWwBR1WZeMTFW+nzuOCVgse2ypfRs4cHWjYJAz9/SswQ7GePVlOYlhdckSw6+yv09azXuX3Rk2A5kVwGyXHAOJh3yqI4P+ppvoaSejEk9AcEEmjlDtb6Eh/Hw0ci3dPinl+S/t9iwiq6hmSU6q7hfaG2mofpanxz88hp9iO2RNFArGU+ckud7auBc67Gc8h/4k8Jdyfe4KPQr5kDznwjhu+PEG9jOez7ykTWWSfdzUAVvWjzHpV7isTZ65PHDzxmc+VEg6dG4sW+cL1GEOoSf3+Pt57tXj1brvZvJJ191ug/fwmNoqG/VSo3V9YLzZVflsTbwg9UND01xOMbnf9RgLdS1LDfY9QKU6QKZXszTHqfRx6FzfOWCkmyFQg27sqmH3uiRDPfI7gtdfqJ+ZrHqjKbYkSVULpTjwTspGfKWB2alC7tRxDAKNmi0jVFww0V9SdKjcPw2K+ewoivsIegs1GA+rM1fYnLmRQgOAto7iIDZRvve2l3OCPxUJvOH3qW592mHQlLOFqypzzZ3wyt2J9x/bD0QNjnen1ZZnV1AeOlnVi/w0HCuUK194EHSya1qwvJPu0RYW1bzGK2dysF/T1e0A4ShIjHko6280ujwWYi/Zr/m1XQidF+XMO6uc7oV2r8auA2IawtaxUdBxA38/+wb+ERFxlN/kppiTog+TjmhS2g5wX5czN5kA4b8qE+zM3jlLGESgM9Cjki7o4TsUd2AnRldWtJ6POLzv+2AkAuvypphMPZWlA00fTLxF6Xuq8RqIXdB5pvMzejSTqpD22Dcv1ZvWy4sJgOVMsyWO99eLtZiJMLk/6w8Ql58uNO/68jgfhnPSKNQc6Js/RrDgpnHjx1fm7nWKO9+DQpngFsq+z3g2eNVF3mP8tPzFwhXr2snyCXMEaXJtKkuYoBbAdsqQT8EFyQWwFcr4E//RqeVeTo/fmYvkN42ideyz4jQlm7HBaR3s3oAu+LuKxuHopLMT3/Lv+WDxkYSagA/8tWNSn+FaAhkUrE8uJW6TcO1JhqCewbdolfyNXwzwPN1T9yZS/J5zCKCOtbX5ga3lNh/NQkNutH146jTHvIx1+gMuT/T6iLL6JxRTmFKkAcIRXdLjt+5xOqiRIdgLxxh53IN5MahxK80UfIj212FZA1723kd/S1jNruEGtEoGe2kvTf1sdH2Moe8GFnlPEOLNRXGLq0+IMOEAVoC4U86yM9LAMjXCWkRMYmSEg/X5bAUinOQZ9orB+226onfBS0Jn6tDYfh2kFrkk+pfCp0PzsHukgxaSK2KqRPkBa5xbjHJynp197+1q7s/jfFTlVKGaoWcezf9aEugZo28MtW0ndbZiwmVHnuHEtkPH6A+mjvuv0yGTuI637uTMJWL65sHWwJYn0IcLEX4FunvLACFHqLUFaUexJRbLXElZfKZ+jggZtwM42Uhr+uwWmW/IXvEdi77m70Dsxh48E/H0JuyevE7II6c1zbKX8LvSvLpv8y6B7MQ1c1fL785U7FAr98mN8MnwraUTcn3Ddqb2vehn/uDw/m1DfZhOh6t/P/5r69Hhb4lCVQ60Z/IcMdm4fHj/aGJ5S7Whlf6bO379E+Gzteywca1B1qpRuuJgNLdfpx3osbGLwzZeIUPE94cTx2XOR2DV+mG/xrysBHAiQshuuoqq2dCep4PcLfeEZzzjCcmHn6nFK1jPdXX9p1r9YMW8UrVjgPDTc+ROHV5YXfarCAmzd99WOJzgCxmQfaBcEp8apRKcy6lcqvySwxkpRMpUJhZzTeQMiFb/2X2KQL5gThdEvLswlX/a/Pm5vGPrTKKF3qC2GDp/BVLcU5DkrqVkWGNALyysM7f67yXPeRM/1jr17f4IAbGRbczUYvCSgkYSMlwsqabRfC7hTcaK7P528dz3OxlRs4CdTvLxgnLb1fDi1lBh6iKWpbcI4rp32RwqmS/1ge0dhVfx/rfGFHjl2qxFM5ZoWUaH9CP1z+uLbWsCx7hy66+eqD1pFGtPTlzw62EEOU1S3O059gozxqwPPxwrjW6zMZAa+pOR39b859NPbHNRo6x1W9XISvqz2zREpHFB93K9cJYx5PDdK3UIuiHdUpzjZlZt1FaM0hmAsStloABuHdrgNOPOJnviS1NtBjd84s/uuNbKD5ZeSABpu3QTTsuz9EhDzlMnPFzi60uzYMUAF01NqbBNnALv/XlZ2vyG46EYjg0LwwxX/oZ1Y/PivqkEuX+sNMB4FwdB+5yPZZHXsxFOtGDr1wrJTUVsMxc42/YagMdnz9g9Mznb75+dQWAtVWNjgeL0USEacGUBh9ATq9sm9UXfMob/zEIqaN/U1RmTa/VN8dr0ledm7sUIEKICEsE7Q77slhSybCOaJmndhEtxBK0XzEvqn/BKH8eqnetk2IYAShpJzT2SfOd0Io+QVB7NfmfQ+SPfnrSJH/I5wyZHiQsVQdWsYB9CdvXyTxXTfnBzfSBPTQs5Y9ZmQJsLufV83o0ibJSqrB5xlJqIr0QJfbbsbMMEzOYo8S4HQOmHIbkBWFY7/m2smD48K+QNBuy1Mv/jiR6SbCOzH6Q7l50FKTCxLPvwhKzKurkesYPcwlzNNW1VN0z+4xd+QEU1BIDaXEHNcc1dztNalZjxtSpbCUnYaDbJBT300cVYdL3BYScChDTURXD+BkKDgSnfFHDnvKt0Y5UNmRarFAwa4FdU0r1yi9JQIhxkzfilISX0Jv2y3zI5wlyG2eJm4H8fc43tfhDR6sCEwGS6sLiSnzA9T0hEZzW8SrCpU4QfTP3S+8pEwAU1rb9u9bxpiai8rsjC3/3F+Tm8djc1njIeAF04i1mUS/W/UYJxCxgvo+XZJgRqpTcdVTrZyCj8U9CHuWyYIo4u0rk5sSctZEtMsyfDS7Q9OEWnIcdlX1pLTL/XbtPyL2WsFEtGqBCvblM03mPjM7t+qkGuLnDv1GQgKzfVl7xboKzfin7nKCqc5Z+gVtIct68S0x6kyoQ+AgxYDPKHz6RcSuZ9wF6PmJYkegUmrZTb8UfUqo9SCh/qSfJgJ94YcL0D/EN1D7HP7KkNkeGOaXTdn1j+rCmplme5bLnRAMAXTFoaq2LzqCVElugOUdvQq3/9iQXDmiAMsLaxDAckZr600Dfz9cSGi2oNiwBgSesZ5ZiclVkTJGpYsvFHdvzSlSZmSN80p10DN3s09XzeuKvzBdGihjE0zNonEiBMmN0ylekcBhrYae00tr9WoHJsRdezdQCMWa16XpreqggXIqbdrCDtrfZUHGIxXvdkUPrekOIrdQzZ3lCnGvYV2PWeh7LZ1bcJHuXtnLsl/E6PveEWc3J7do5SQUhA77v5ILQj+5mOk041wcZHpyNbjuJp79JIn6tPTkMohcB7UT819Bi0cs5ZkPYlrclY+NnPNJATi1AFVU8XGG1BtpmpNWJ93QOoJQM6xshVZ474qkc8HSrHjhb6+mz+cImOAymPsVjWHwY3JQb2MSbBVkgNtqDmxw7McBsPFOS3uWYmW6jiIGDZy1PHJ01D7Rirthxa/vaKZpP/Oy2HFQJptHNaA11jZIrUDYROMVx4ikYXaxdENpTzvJTa7KnHwzLlte19m+taetIeRGe+MMkloVYtVjku62/FLjqWuYlSaUY1iFvmf65S4fLILdTM3R/Lk+r9N2JYorPH4o8oXzE/W551wiRfvrFDc2fctNJCkZk3dZ8knSfJv0yjotTHISPBF8k95Lymr0mjZmC7FHF/n8+50zRnfUeW85mK/Rq7aEUQJUEqP3ouaXeqzk72LGNkP5kzw/pV/u+2UIOn448jcZJBT1SsNct0qPEA7cSxwrbJWmFk9NAl9dJsVlarwtvyCwGZNIk//ejT1TaYteuxpB3ox+zEcWSrIkfunf4FMLpepGcnekgGOvXsRJApo5LtAxJWF4scTCEWKlsYU8+eejadjJ4SC41G+3ZnjnhUeSMjH1DHff12bS/gdw41b/CP51DpPIRYW8d3K+RspgwuCvlfffsoyf3H32hyIcqJY3wE+f2rzDvkcbAE6GYkzjB35L3L1Mk2nW9ghWiGV84U8UJjmvYQ7xvgmxMyfexUu8IfUfOMOcmUc9JG7cwp44v6ggJaYRxt5Sh2gr+v+PmOlkYGTzDlA2J4Rf6m9MhX5WJeR1o7vroiIrCKS8WzoGXucxXN9qpK311u25WztBbLnGKLuG16z9eQI0NMH+nfNuviCx+7pklZaPFTd4Yz5zuws5DQcrWx+yJ4IC57FbXn8Jcieh3bUZZ4T1EsI2bnv8CjFIePBwy65f5S3FLb/20LlyKJxFrbrdl0MJMwBtWZ93l0YwjSztqzJ3utb/nv6VlJimPPp016j78pa0kOhzS3bSVNFlx/wBS94LgL+VFAGFPxeBuPMrW3BDjs/Eh6ps107m6PJvDtQN0mHVeNtD8rsaNeWGMmScKaDJeSD3zNvjWH7uPGZ3l2mQY+RADDC7btfqws/1DQ2esi53ifFWnY+VTXy+v3amLJ/9UIp5Z/Ubp9b3hBEO5fTpOFzQJ9zb5eFiqD2FkntDvbKe1n9LJ1rEC2X4SCLKo4mBGk8+p1aOxseDjs1V+KILMvOaiNdsoFBn5CypFr88LNAdPpCSlrQ/eqDemmODTaBKKIrQyYlDX6tFBxf6UzzGJb7QnX4Q3yQtd/i/dXiPhEg58F2LdwyKedtMqNo6Vp9id1L3zoWODlYe9mO3aYYnDKzskZZzvafbe8dh/lNyjSALEH1NdnrfAA/TASWGUHW42vk2zVqwpk49edL5ROVTlgzEteypjOYWc4pLbSXdK5dserYJIxWyhO+r3OMWjF6KPR08IIqUfAqY1J0ExFhKLzPcnDMsXyL4lSMh/vhyw+AAObO2K13xPv9WG8RXzf847Dz8XFcnoXoQyD39zcbNrjwvKWHj0K3TBn/87frrkv7aRVj3cJmkLkZgeyuxI7lz95YZz6DAsgaUeolr5vgEI4eyVVepgT5LqCNyLwbAR1tmoaytAsuYxaNF6/hC5YGthmudWwVescbDfh2L9reEafuLYWv7Th2bwZalIIqbD3EwarvT+KaZhwNrblUgNPMpgHeEuImbOEa6I0luqiIAWqSuOqzG/tqgEcDwKeL7LYWv/T3HAMSrLz46BXPQkLrDKvHvnORXASkHcNEsYqXNkuvQpU84t0bHO8O0vgiRTU5N3L0ef5BSR9tIhy/UqqORJiDAaxCZhD6jD0WwtLyRO8xW+Rt1RBCConXaLjqKbSTovUkZGIy8gODW5qKJsIhu7I7mEBk8nS6Zd1kApzWUgaE8vrT5RWHUref5SdfEU6d8MnoSemiSVD2R++SHNbZ6nbVt14jlcem3GNGWh4SblKOgoOfUfYtlkK2lFu5HYj0FKDs/cABJeU8PCFbTESqfQ7ZX4Wgmqpu8xcBuUHELBPfqrShJ9c3b2k+GAGQqrV2R6g2uJr6RIo7PhPYMU9ksp0PE2SClkcssrpbFbj9veuikIsOUQrFYwNVJUIIH3JSlsepklhGFwOyJfaRg9euuOS2jsMYz4InU/zNWcEX999narITKt25m9XrjmqAo4ycBksycFVu3s73itCMWnbXqrYSen4Nz/vCz75KdzSma1tOGKJ6IaG2TpvXlg3CtHoHYIKpiU22PFfBLKvgJXtan71yqkLb4KkHFuaB3/8pcjJ5FhL/uE4avOjdhvNR1Atb+1q3kjuyhktDxZy61fV8uduA/E3nKaFS53jC3oYy3YYARNF/C6ZCAWQvd7o2OvoyUfzSm/lFeqM6R/KaQGmpvw6xpViMM5tvCr/pAG3nJmfDFAwgYVPn5jnNl75+L36V5IBtVMVgKCLv/ZOppoW6+if289Dc9RJhYSqkT0Gmj+75PCGWhui+VZGczJtXGaXv4l/Vaz74ne/RyptQ5X8lwIR8OSxV55Wkltu9VmNtHQab6xSAOWkcxb066H5EG52WKiqXoPfzZ4/t2ZmblF4QlwP5986siLlHHdRRXeuOAeyNjQNrj5sX1rBBMGdJByG7EgliXIfHfUB+nu49O81HgF7dZ7MhTyRJaO9tEWRtdlcugur69i5b/6SlGgH5n1+cBiE12B+/Ug6QqSYkvmh+hA5rMYTJEnFwCYP5wvjNUmUG6mzmMCkfHj6YN/Ih0jxsAp6KhoGtaxQ8y9WPlo1s2S7/RTMeIjskhyhC8p2lFtk1ROkRcKUhUJlZAYy4rLk7SPDumVMm03Oyiz3ITVlid/Fvl2Vje7Oi5SpF31aaC6/BXUk0DAzeQtt+49M879QvGjIre6+s9aBXRHGVpuo32OY+Eo8eH4W3bD2PU3/V7UjYTEqDJvXec2n3F6LbqQohRBTA55NCesONsnrPUKJ2xcIbOhMMd2BJBb05ytLyv6lSApXddr2CWmcOKV+jLLJUcoxIOpb3ubFjpB8o4/+Uijrh8/Xbu4XIvsqe+Yrmhb6a5E7Od/x39UE7eYRJ5CSUW/KMsG8OeyzaUiuqIL47GdPeplSir8U9A2VeXo4cCrLgndr9mDUvSkNJLmIqXwhZ/KWloGkkUTvPZN9qAUNUUXKgLd4ourGXA4gB1YF4DG5eayaaoWYJzODnIq1AfljJi8TjJk0uD9cmzUL/bynBA1rFfDPqmZlIhlGRsw2zhk8/Z5O7/gGOvLphvqH24tVArdNCi1tx+yjoqUmlqneTPnVyQjI4bjxJnnq/XSP2PhRK3hP40vF7K2Z0ULHEs/4R8I9EQachrc65Fk/TtXZGpmULJCsyyOVLn6R3djTwUA2DaixopWaB50mWN7s0I8tZSVZR6gxlwyCOlzgPhegrQsfDviXF/1XQ9oc3sOgfpt34od0NGsmMJvd7mU7i/WTzUTd8lNrZHfR7uMkaqwsp1CMnYGfC9PjOALLK1cpPiVrwV+636tCG+xzTx58heuYiPJEeHYHvJC/YCeZe/IFqc/Nfbb28ArjRTC3OSdE2EYqX/xhkV7XNCSfmStlyRf7iroD/2h9tjZ+/buYFlZbnyRZWxSw6loVLPvDiVvTbfHbu1eQUoW2EZ80sFN+TWlYS1G8pUlyZZvYaL3wTMAD6nZ4ntt/66fF4VGIiYwGizmcH5Q7pWg30eB+8hE4q3sMNoV3KrxGPHsGUFE0mjsLw1atI7BBGL6wKUsTYVdrBG8sd8+Y8lU7KCwd1d9m+1UGq8ugwXAFJlQKJPDsevGO2sLsDabswV7gr6JdeaY54Xd7zF1gzbXtC/O3Heece25Z39bSq6B5AtuDDZcxNJfgkISrKAD8tuqvvsJEf535/GZ25zylKOWHW6LtLL+3Eq49e2KeLLfFEJc/RQRWQPInFTc3gRMvk+6F8172ZENBtuVRW35KpL2F8A/yfSTPH6AaC5tIQ9sqbkArzdkeQVTzd9vBinVS7j4aXN/4UORRb8lNb/0w0wKM3aryY4syPlp85FzUwjlcfg96rMlfkLFKrPszP1b61fzntuoIAd5u7s470uuLzRP3eIYM0+9eXhkhbtqqHoNyFqdynqxMPiITLpwy1NIGVN7sA6069BDLuEEX9Lrft438q5FHwtX+rq77hTYcasDxhWbPN5L3ejyLFiyGlmFtnvjx88MH0DK8sXZ5M+lQavqUXulI+msY821c2epQ9j4hQWmcJZSxfS6Hqs1dCnp01Q7JO21zlKmWM2lYi41zVO1sgoPslYZqblVHUZoripsn2r/ufrYFLihM08f4B4eSwsG/JYNUJwdGF55KusNzHfqazySsDZDdR27jWw7lU0u74OZ4ITvr0jC3pozKsGPb2YRCL72AaHYWn9FE5O8HEFltlxsa9OIY1e3Wom4u7sysMQk+ka0kX1JkM4jsLSJBxhpTRUk7PD63QNYP+qpxsAdD0D7eunKWiHFcVfzCz++UP6f84hZ1e3XVTiHiZYXybYXnrAqk3mH+uY3lKi94rQgJvVY7zVHT53OpppCl+NLCmJDpS6iW6jI1T0O/pwZ06eXWW6VHqVW54g2hAfa5TxSch3trAzcPjqosczlzGxAWs02i/zBUaWiZHblXSPyq/TjbFixl9SRHSz+oaiJT2SqHHho54zwsLWEdR+2LWixMMztJ8hYtc/1s1vY2QppS5JsfTgmFjVgPNxAgJ+xu+KznOM/tJs6uWLJxtgliY/HaLonBkL5w3kU+gLELZ8Nl/sdXY/cQ/TnlzmzqPZyXYimBbvDPNrE8YzQjIfp2E0UGrRJHkhu0AKGSoc29h4iXM3OxObxZycPyDdHmNTfxomv/jh5an3zQq1bFA1XxpvoLMvm4lHYNZJuRgNPJRHVblytEnPuq5mRFszeu91dGaZWlYF0BYlDW1F0oUnwW5m1BXjhWbW2eC8/Q3bLDPpB+QfS/53EWLB0uhCqf1slg50veNHSfa8tg71CF7ew9eKVnJ4zk6KN4A8Y5fMouKl4pffacAu22TH741rGJ8uJ6jsybMRV5/gS1qaa5lcrudVON8RllzZS23o0ndzaMKonlkup1jZq2GzlehmKNmrVGeSKokBdTEt13ixmO8Wb8FZKPXf8cJo3uLDGmy51+eG1wE5Ch4DDxYZ5u7lGBll9NJBDAd/0806+mVD1yc5+EzzaD2QNnP6XHoD8lHNr5NmcS57a1tkIeu8Tark50jiresuv6h+6GitqJ1OK1wOsktccBLJttTVmG12R8txBbfKTeHmmNj/5GVgImfbsp+/rmyYX8X4q2/DOUgi6qzOKhoqNrH+LMBgPOYQvO3xc+esGQVwsQVvssWyVSxPyJV5qL52pUNCPLW7D7puZ/N945TTjljOdLYgMXX7D2wfrEDwGVwN1fPsXxe7VkcLqUcefVNAJ8K2uNFNcXwtGyfjc5fkdcIIMuKC8qd4zyUlXjH1cpaVRddA0x5YxFvntkSAOxNAtaJZc6IKMUK9/mP619gwhDHqDu8rWzDo8e0mWL+PmoYaqgR31Yohk/DBxVO+QmE2piEbCor++g72ZhCDv4IexZ/GtOEN2hJtYNNZjVXDdrVCR+QdxuafUp9i3X7MAbBI90x/EQQnN3Wahu7VcZhy4v2JvWPvJ8JXC7x7LPF2AHjs192ipKQulgULBg3/DwIZn+XAOb1RQHCnXejyX7KosLDrtgQ35PpUKgFRwoPDTRAUxbP0xrUXiq6/lLzqoCXp8YFOYBl81y7i7oMlORW+vu/TF6aP5e2ISbZJuxAkR3x3uc64qux4JCSEtfmU4ClKxcPJ86hZ0iR9/z/pd+GK/7L10ZYkPCOwkrc/Z6QnVSkT14jMr4rW3nmtt+mux46CGLqIWfKI7VT7j4n3edHpGC+LnmTE1XssUKQWSg+FitHYTjaA7+xf3TOxMyarYW2oZPRe0wanw1sRGTvFSZWxAKsp4CKJ9BUfbOPlwiknUplbI5NW/3Y8sGJc2E2WrnTyoS/2z6c+EIQ/Ypu3IbNy1UGDrLvUaJ6Q0mA2Gg93xzrg2Ra6NDUhiq9A/BzxflGUIBDoY4VrTYy0qD98kwr0u6ogIaiYmM72tViNsb9r55HKeiY+1SXa1iV+LibZ7kqT3vs8fpwpRZdOzrzm2SFvKRRxI8avxLYKMDe+81iRKfn9FUPX48y+RGY1OL6uL2VmDuwY5G63t8T7lv4aVxPfEkPMT/68Ms9qdvnm62wSQreD5ki+QQH19dxzt/vPn6NJNgzswJYS6RMXl+lfLB3x+QxCq7NIwYVJPhOexrz0uT6K9cmRZJ9+CehoQqocRA+t1MynyOt3NPaKv96d8r2qWQZvpKxcIcQzOmtk0yidhXnEARkIolm/swe56C5AratE6C2odorwgt25eezHtP0w5qxpjFJM9+yM/+l/1n/OmdP5kWTBjW53YmJ43+QhMynhTrdQnsSss9lQX3v8okmjcZqTD3tWQ1l9eIEVxdYBsVm9we5VsjZ94wbaEV6lJfG2G2uHM3z2PrCXtRlOzR0c8KbU80Ka3Z9WeltV1QlnQB8/7DTbU3DNs/HwnZrYd9qNKQ62IRT2+VauoPV60WPEG9+t5g9mJzkosiY/65IHUjWfERJ6uxcLA8f/2LqCo6aX+/1bKAwci9uF22BfAMLnAKQbTNTZo+jZYR/TaTJ3BsvGC0X6WrT/wnpSnCTXWUp/YqtVDKnCXDYNU/F+wWubghtKMBdeQalalPGtIAYWbyYWduH9epSC3a3sPHzpPFYiKYGGuiPypGLC2uVHo9QpX2pQRlvXzEam+QeBH//J25T3JU4v9A3LSqwpjXSyzZXyYqslKxfHh524SiKEAvVxa+VkUBMc1Pf6jBiOA1Z96Zs5XJR3Z06EqGovZqGdNLRSqE3wSVV9WzJ8IBnhM3Hv2bUNqHCejs4Crjb5eiRPO37Jzd0aP6bK5RzFLnM9IwFvLWl4rq+oPz/TeNQuKygSy3np+EPX4A8lqAFdEZ7wMP8bd5uruLOxIqaSY/dDYcB6DEK1dmKdeXqFJadEX14hJAk/iJBu/C4fY8P80EPXtDRkw6Ubq/USnsthzVvaeRtdZg9S2I8ZFOfXTyPek097z6RFOcY0B652Xh8CMLgB176BjxM6mx2v/ltkbJbbxZ2bMM9xTj2N1r4oxlh7/voTXnTlkEVLdl/10ivDN+A6w8CgQhcpL6XdW1bsVvS9hB7KmQTthaJZ1nhGE2oT67VwhhZrIq8lsSyQoNe+1s3LPmd6NUJr0CCUIcWMIbynXfWTP6SbmM4PJF8EyOkMBnlWbUVs/bTJAGihNSxpAh546pidBH9X7CN8ENXVl+ge9OTTtm7AUili+bQME76oPLwkPrHySPHMpkGj9HJeECIsUj5XuNBXDr0qFZToUbpqo7mvM9r/GREUtg634Kikhcs72Ij8MUwqPSVxA/fVXsYhfDILXTzLo+0ybD6CmcDmoaW0W96Wb0/4gH6Qb0RY+OCiNXeIhQaNiJj03CD3AoJIfTHcbZ4mz0HT4AXrHgAh6pP506OZccXxnecHo9SJGd7N5maDK9slEw1hrvF2QYIxLNYkCpvbDHFWTrn5T2j+ZmItypiQfe5v/Qo4LUY+aE2Xv5U5xF0iFUy9xbfLLSAqn0U+uwu6WudXenRzcQiirQVYTk3i+oCDibAlTfNrdUYXtl/qt2vv0fRoNQQHT3SYxdyJTYUiGugdmudDdowURFLK1YLYbXv2Ft4B2o/b/IFCZdati5ukhD+X68TYpe9qlAt8OOqvjKL1GNfPcZ+x9CxsKxwJrUNEgeuUeH+34CdlIfO9ZgXQg8Cf7WsljLcpmfHQy58zJp0NbvyKwZJlHFPtO81Qw+KGgIvwcaezykk2rBZCmasRg+SGySgYsXCrqX3BRr8Oc9PPTouYyXrmJ/d7sKsjwHBHk/PBmP9bnVK3OuqKJ6DWYz1uD95SuDRCSXNwnLdIhEhMpfDnr8TigoWqw63Q1y8RUtytIRZ8d2YpoOG7Gebd7uCeNUH7+Wvw8lTpKbtP2e9dAfmgvK/0BJLBlnt6pQ+OTfplGj3GDJ+MUujtXj/fr8c1jufcZPl2L5rJB6qo6JVcMaayN6b/R4qIGhh/qM/CEcELf3L+BRkuLDwjyeYEjUAadozK7+emV6VKVQ3+bwtx1aAUu9i5rYWzmKun4DykeznN/WqSaVB7kr3aaV90Xz6xDY+LFxTf2m7hSeUZFQv5dZ3MVR2p/oLnrf0NkavF+kW9dSrdPlreUYspiJ3sHy3livF89C1TUoJhwbedkI7aQLPizdMXtMTUp8yEh5rJ9PkcPj6GU5jr/PyQldVwXZIngpiB3mgIROys9DUiZmrUxzu/G/fVXF8iR+prU417NH8AAWmG8x/75eWMFbOw+id8eQ1o+s6IemDH/MhwYeQSKXyWc76Crv5XXlG5eNTrfphlR8OcUqq2Rt7dA8fP44kAYL8nD2JBTWoV5KY6Q5nElqOGoM38FVWdo03kfuM8U97ZN7GzsXKas57ZG0kU2lYPH7j19NqIsq3msMeW1z70HIxo+FzpYKKV0m2TFdp6h7kLZwsxwV/PBfCh9IXCLmst686DxdtFVav4LGZeTTv+w9VanXDZVELy5lG6fS4ujLck38up03uEjt7uCdb48HdhdVXTawNoNjSj+FwO7A3UbySCQqAVgKCLh43kqnI1ulxmpkaZO+FNoVKak6JgvinRpO8uzK65ksw9j2FO92UEbIpZSJCxG7m4dPJLuQazc061Q4xVpt0GuaWrdqy8GY0PjbSgs/0YkHUkCOdu9C+t8F2bn7wGmtTINZc4cz4s+EgcqSctJUtrMXE0r1DR2hwpr+2uo9j/qzrpiT3igcD9HFMw1vxX9W9dz0f1F01m9NMF4fpqRDUlqkYYAwRoySHF2jU9jokpGKonSMEaMZIQ0DRnf4AMJoJEYjIt0o+Zjf93n/g3Od61z35z7nl5Otpc/nd5hwS4j9R3nA5ycjYaXEUbvPROOm/GNPDsJXEGWyTeFTqW9GxcKaVVqn6RbW6JrzzctLv9AEy69LG0d2UT4gX7DzywFUYGrWppCnycVKTYR/bWEyZRZfY/EZAjw+WP468kVWbG+undDb0TNA0AH8uICE4duzwbfwxItbh+zCB2lKNqAVvZJitoWD/MQwNeecPMFeHupKpdbXr61de2ZlHczLN/rTHE0ktT4n7GUxPCVmkOt/LzXGo9iLGU/SF5AH6sDDbj3dXCk/2GbVG1Q+NGUVW11aNLlfbc1bhKh5glUf+OyK1relzeGk9HB0PFK347DD6E/2+deq4yNmVTSibSaL9rx2HiKxUeJWmJ4cR5Wvgugquh1HIg2ixZasWMFc2y15rugxe2ZCcPmPgOmqq9Vi3EInVHE/IZMQ4aMseEK/DrYAYBrkvDpe1JNl9PwRFzI5GbXAK/a1K0UatVyzQkyNStQ64iGlDRGKr0wamvzpTSI9IH1BPK2mzgfdVeE9J/gJFpFc3561ggktgts7g8oGWlzwgaA7LCMQPAoS1mIiTy+V8I6GiapUr051JH0SwUhR0aNAVxmjBnuHGHTSLyanFHmSotdmRONO2W3cvJCXMzJMY0/Ww/y3r0vaE3TvGiATfGShdOqs05Uf9tVGzPi9wpmLx/jMZBbcgyzR6omaX83apD+G7mapT9nYVOFYWdNJcUQeepcA9wmBLhBlKrCpxLRDOepYJON7UURRsDotPSnJ84PbURJBw0SnfuJ0Ay4OL+dx5ktipFYPwzrGm/yWlvhQ1YsV3y2TxQ5vSbPcqfvqOh4ntcj+M+1dDpGyD95G5ISyUmZ6kISVnGFXj7KSocNkpvTG7509US5X6SN6iC5PxALcaHUxICuQa/xQXH2WTmvRGgrq2kiJ2Ydv/v5dmjq2nAg1FoqkMYc8TdqdRo/XE4KCMTeBsgcpPaMpqRj3dwybcp3liSrMTudOttcyXGJSiZXiP6JNcQhVsoppIUI9NVxxLEKAq7neXMMWj9meNsD3fehYwAr1jJx2lT8xZrNjyFcEFX1lyhHP1HKP2WFbHauyz7abMTeQmo4rIN6br5CV2HA2ZGSHPeMs0ADm6Ot6+EiVHep0mjEMwM/ObpTYJCeCZji6HmLfiIBxFnN46396gYYckjvXHBA6g0x3yxrFRg8oWkGe8oc3yEnpXDcno6pR8GmauABPwAvnujsf0fqQQjdBan9qVE5G56A+B3tlbtxSFqpRrlx8tWGfyy8EiptegO86B722fl0c5K06G6tN0A9Numu0R7cpi85+V2bfVNEsPxiAGJFq6zou0WJfBMyTIOxWKwA2A7nPPjdFVDYKn8EFZJ/NEJYygEcPCux6OX3NgYb6FNOVTMqcLzQkIZ8NqB5Q7S7EyYq/WlttlAboZaw6NHFfGyezlSP9VEfiotcHUkaP3tzkLM3DTXs8PQHDIt+tLRLhEUGBsdpZ+qS203WFe8GphB9O00t6tevrBf8jWv3eWXKx8HWlDol9MYluLSm6B6blgT/WMTIqfrbrtV/j+uMx3ydZ1SpKaVMVUJrth+jFnWgF870ikwnUcVXwZ5xPjPm3+uFqe5t7+qQS4cobayXjraqmldpVKGabSLPVnPfhrFOJ1bR+4fD9CN6h8TQT9xt0PAr+0vydtUj6ONSN+fc9LRGu+uJMQglRM+019DjL622xr0embiG4hwBYG5NA9x1S1qRHXG9v1lSPzVmbxQOmwkx5Rr5rGzB33+CquEB9RZZfOXQmzqIDLvhondLsE03RJ2Ar26Qq3pj1TYOM9sRncl5YO6eijnoxYx2/RMWsiS3ZzGCz0rPnyy4nQTeStLqUBT8jIpaZ6ydTy+Ljalqsf+7HOWCsHG/MkV/DA85uyitY3eBkRsxPFH8GW5J4sO4iKJqr+cXYZYZUHke4KAl0ms17Uj8j1o/hEYybGBJ49irdh+SrrDhdLGCR/aZSXjCf3WvW8n7mEXHDqLrf3mHpQZSg8X5ftMFu8yKNguJ/8GBzz5fgaLZCzABStdvurJPDH0pHih7QQ1Pn0BE3qj5oiWQ3UtReWKkNA4hlA4W61onC0LwS/lVaMpySyr9xPFur0KR6EmAj5mwoP/HD64De/L0rfJaKP81lX0DGX7EGYYv8GhZFGnwillwuvQuIH1PBlBsGOqXL0r6FsPPd/OeuXNyx50IVRKIq9D3VD5YzqUy4f3825RFzhKnWlW4KsruOgahH/OldN9O7750h76pIxb8Lvjv56367jSFz6Iws5ZYWuK6cWwR9+Jw/3CJSdMhei3ianxvqpLmmsd82xPqBt6nVzSqmtmHam7HhgrUltaYxYgVnUo4+sC5f8Lrxp3/XYVtZMEGKOWzACZTEr9/INlVm7nwnPM4xAUR4QxRUNrU3q8fsgR9FoTIlNyZX2tD3EmkJk8/yVH3T/O7EJMkIEtCXE3h2c6r2/xIkVecgaHF4Xs8KT9nYfpHOa44IgxNNcHCbFQrmcZHvq1gF8DesGGWSMBh0j2np6Vw4/HJrcziD5zRwQ+E53h2Ta+ZFYgdZbqKdhrRICOUOxl3E00N2IrkgrpjBgBdP2Ovp4EN+doE9qvbx07G7BnJVKbc+MEJXUa2dyNgwxkTMVZRBa/f5R7NeBQOIUStyLz873khDs3mqCOd+wsJEjnucO/ptc8XOkEZbO6q3j5DehRf6Kr9cRdh3CuEteJ8u9xo5hLZ+Niy/AOiVKUT1Sml8EFb0UD9zw3Qfr06ErJcXPLPO1UpwXcY+cSwnRq8eYPkdJNZj29MNjBjL5HacHCq9SOq++X6QfBE83HAYSmObeesSMyR5nv8owBa5UOj/Oc+qtupxP/Ll34/uvJcfPiriyn8UZH/tClM2jXO0mxDEtTNPYIt67JtFvX5xyhD5DfKx59UMwL4MHHhVVpk6JTXuJniX503RsD+WF99ZN2YWrBKSigef+bv9wwQhecLjpb9+iSBggvZTWiU14GSIiQO1IEU5Jv8jUQtkeBZgTdA67ModOG0iBinp5bIeERGawRaHus31GT1LyxY78U1q4kSnov4tf/LXdUIOkT7gEnpuPMp2McWu7b1VV7XeCm5ulMHOPHGb6cQwc2MOauhtS3IikB0hWXP+mZkKz0yWQgZOus6s5QnNm/W1zroHRlEhOOGeOsHArz6vlYDuyfANav606vZCRThgotOuQDcbmx4AUF6jxhyUxL/+POFVlv8Gh3a20ndae2xuIOkz7f3P2zUKxT/iTHICV+O8FctRYuVjB82RI+GD1XymkpUCB8GrjEiyVGKmMeIXIPK/J6J/QxWkRlky2lGI7nDeDm30JwEqSnYRFQYffVK3SeFuK6dSxg32qtcsWR6jjemCSdUaGRBdVnoPJHlHdUoMzVOKlqqgbPOQY0ZyR10UlCejvrpOStUYkDb6up55P6Mm3dSAJW7H5Ys9E+Vhms+uAFgbnyEt0I2jjfkcPsly3ZtYTha6btU6xpkpg5loC2X6nZEokJZdhNSLWxOpkaPXsbVpgeab6wzjQ3rtDqllLQukhK3Lqg2ZLscG7NFM0ZmQBarZYHth2NyaQMYTdzKSCFh+wpO/bNt3IGIffuoLeAIFag64htR3of3UodtdFdTADxBn7s9g4LsvpWjndStAoSKQ8jR0BW5I2V/Dlv8jomQhH9ZGZ5JfDIgRi5t8N6qrvK3EO/YgFWIDJ1s4blnnExt+LPyHBsTc1jfJneSSBa2Vi4O+09HuYF5LSerOo5mNKUGkN3WaA2ZSjktvf+TrQpbXeDF9OH29E6Nn7lJBX4UTFR/R+4KIFTkvu5JGto5dD6/xNWcAS8hE/nqcmLAucf1L/Yq0fpaVgqQT+BvepV4VPCYiVmbjvyod677vXc/4VBZ4r2L4Nc9Jqs2F0KZsBzstmVJMrdyPYGaG4fCxS4H7amW0HlcUwFbIX4NZsl7/sQAGHwF8dTsHO154KtUfYS1eo0Wo0AFVTrF90+XfRj30LQmyL8n2PpvNM4VYUkKse/xm8x4IYavRdWIqFh2pjAV1jviM5nGWLo6PW5OtRnq48gaU22TCO8lU+WigXO9nMUGEiSjUPb/6QfPAyQ2f36ffwhh1TfiTaAocG02uP9XmRznJVP6EM81xlDrPSXlRxWRKYZxwnWmYLt1ei9/YtMbEp4hjqyr2Kubcl7YmFdk3oAs54f4elAEwkFyZem0p/lnItq1Ph2V1L2cX00jISFeUf0B13dOtPnBk6555V+1p8vKKfjxrl3JonflBofvkLAYVkWU01J70pfoCoGp5xspaW06zOiKf8f4yHOdtcGmhlNEOG/7Nfo6bvHHVDocV+ZUDd3PSKWLEdLXHay89AI/bk7YvxD4atuhMWif1xlcykql3R1huZPkXWrWDdLQYLqMEqp7J0kdS3pIxtPIpYaznVujU7IJlFrT5Zep+Ws6nFnr8i9JttyZPuY9CW3b1zJxHzlrqHf8a4c0R9j4a/n5HPEt04pvODJ3fVzXqTO8/nPvY0yfLpP9D1+erbi803KmBkkMtpnGH81oJQgQ2Cow8Jn4uxC2rQLEQTR9Gh2YLl6P1Cqr+U0cvf2WL0aNcNm57lvvaBcPOv1zoe/jPZPF3TLIBPiN15pcT5zsZO+QZhQiPrxrcirmiq42yPlOfJIW2F1nXTVIgYJseYSPqlo8Xkwchg99np9unpOGNp13bxuzbJ7wObvVUqq8Z31GvSx2qLMUt7H4R/g1L7qOnPG0YXHM8L6Z6JDMDQAVyzwG11SMWNeH9OSLs9c1JATjGXT6kkYLigKmx1x6sglTFCg+BJhcmWJP+U+UdrMxYxCbAfcuqnTxJpKcSXkmGBfSe0yMudRKD1rF8r0TCdPnCQAkmBeNWEux33H+zZZIDn0/90BNXSvvyx4f9YaeCC3H0ynqcMFiQ9sf/iE4X4JBK2tbBR91HXrH7OWO9LWR+y+Hequ1Ie4GsroUBJcWkqc+RJrQ65EvLRyceSwdLTMKdzwve3oYMZ3vXBE+MWBXrunWyfV0HllsNCWSZs860jNnTqULWJ/0bSbE/jJnSgS1Fgl8BFWUxx4LO7Jz72faqotZQe/aI0fm0PZcVHVFnBcWTSZMIOkuH/C7Sa/M2Claowom1+5NO3va1OJsBD82HV5SzYmS5naD2pPJX9N+obkA1wuiluDh3kWnO0feZb1bHJiMWa6RCPdjruDMPHDgcuqgDJLk7eRg/voZqwrKSyX29n4btfObqtcmebUFPNIpnvLDoI/n6bWDGsE/0LpDcN/POs+vsplcG8yANgbRXgN0anK3EOCWJc7Y0ON2KvI5qzoUjc6fAdD6/lVtjTRhZCj71uXEe6Q3v0SpwGnlpoySyd8SYb/DrrQECFyIiVUSU4SRUe1COgGEG8CyDwcyFPYTvldp/jKoeoA40K/9igWnIMdK0mac375zu4c6yYL+a75ETOpdRGaDC8bA9BqprMQ/VYo27gzELWJ/GzNWOu/JFCrpfLevl1/88U7f1MSis7OK81/k8BDZfqDllhoaJuYjW/oeqW5pYt+S+feecDhXofj86x5E6R4f9DILpb4wBz1pFQKusJm0EWKPNY/aPHJTSC0iSubdDGn8oVgVP3zEFtRII7f36Df0Dpc2Xdqo3MrWbAuNzyfl7TE/NdW5aUB47F/E9QEeT1pZjKyrBBrBVUJ+byzOM7Q3LfouCNaBjWG7u6TpO46pQVI6HhulpIT8wBOt8QpjCrHQfknXXHgmCs5NJuV2Cgm0J2AnymW/tkQ0EIyfnc4x6P5mA4l2T+IXJ2U9MIOqRhBUa6UYfOCC2Wi6/pf83ZFCHSXhTatuYhHfLQYysKG04Or3DfZPB/fC3mLSWcFAekbwqQn1r9611Rs5vhJZLWpZukoRYPNGt3Cf5EA0eoR4uxEIZcMpnhLp9ZO4W5tXd8GSG9ElGhjj7vIk1f8YkkPYQNIdyCnh6A3uNXGewEE/RAB3daTzm3kke0KTRiphpJmqwqwNZ5BzrUTzgz78wZseLZzI/7uJeYtKVQiCNGNHviAJfYk0+tkz5yP+iEqeUa7dDoTFTWd33ONoE1si4h4hTdapcTZsiapjEuiOLi+Xu6oJX5ZS3TMkeb/rpQg2sKWglf/o3fx4pWfTK/x/zhmfjd3Yfv6QnLMd4VWsjDZlIfh7kJ38NW7dRHN++Z0nQZ/Qa/NGqcXyqzn9XWPcn89wuqOcZ8OdKKPWF895fXXIAw7u3XMW1V3KG6uMQvdNjB1/jkjc7dXi85fKVQxbX4Qu4ExXWJx1YBdZYQ1dtOJAEmVYp0PtTpl6WGZwcGCbQflbmXJAxn1sW38g9d3cjpcDMmsuazB718VNl671/GdoQtrnsWxysG/ikAqzzGa1FEHjZV6nrszAaxC7Gfa1fjyzM9gzxcZqtlhZ8DLDUAN0o1xMcP9xbkB+QMl84W9401k4YBn/KfqU332YhujqDPMzwKb9ooFxedH+Qk3dJPYxotsCKBxvzgII4nhAnyn1UrPxUUWFvbDtCELaVUrt0vjWP6ZirswxwLNcK7+O2Zloqzr7RUYXefrpYHDAVq/B4MNzmnr+3NJJgnsFoX8DIveDObxiy2TCGs2SLm0J8x4pH1qH5KVRl/lvFbqinKbkxxpWg1EjhicFwUszQgHGmzN9ZO/nsnYFf3vBD1ariRS7JrImHOoMk5VVqXqsLuUKab84E2961UeZ585fj5I+vyo9gcM6tBQfGKXd+u6hHB7MvG+osfFLTkOxJhNHnFWKTmSNIPZUVVVt7sdWLMhtMZc6QAoiW/mUV9RsCpvmEYNb0KHKcJPOz0rJlQGXISpcA4R/JNnZC075z/9dzAfhIWfJdsN/cItfZrluRR5X5/uoe3jLHM9jIP0BjvNZn7D2Wdes2Rea2PsaGsFBcSMCynmI3+HDuxqqpVTqqZodd+rP/flLLFuu+ECUEzqe32/FHNi2UB6XYM5vj7cu/U1MOsc6uYVL8Kuo2yeLwiRKboceO7MlfPqtu9iYCDltiw4yy3GjpY7d65k9Zpcy0+xKUDvKT7P1/BXPGKGHCaJKc1q6L6FdLyV4B5TOUbkt1Cq2MmpSDgrOO9bOTnr71jbEpU2Qv8xPpEapUc6tVpi+vNuquqG9OpyZXslFWgEyTZIp21o9CNQXNlNKyRwRg0Wh9KB7ZOoa2cM0+gDhvWpBy2T0+aoys1wvwVI1re1BhRD+cTBYmfw7no112z5ujJxArclsRfR9iGdGjmJoxS2h/xQHC0GRfuExmPjDUMjq4VX6Rv2eRwoKeddLpuCL+tNyZIp2tt1QYKBFsqUdXtTHtmD4+94RdTEXqAZGopzUFBXmUpIOpIJRupPb4FuuzL+zlQEUpGKNxQe7NohvqcRaHpyK6O9d0mbclitfw497JT2x313P336rgwRKdmnN3KRf5k16RY8K841OdFMwLDbpXx2SY1PKbnIGplq/kjhTVvIqjXsoZms1nBCmH1d5j2zCIVNvVkX/aXwdZ4S3vG+uCoUu8Ice9QYRy04u7Enz7KUIIq8jH3/3M/hMO9TMXd6EpDWa/tJsU0jRhAsEx0grk9jOjxS3ZNv0pVIJQiEHOjA5GHlUhFKIRWO5lQCK7jumVLbLchfWzTR/BMg7nFg9k03iNg1rb19+0FNWO48pAN56g2lnlsup1aCJ/SuWNyNrkikBnpqH3UjMCEyopGpPiD0qbnbXMfXjyavQV0GbuvnZC0uiP9VMQEwU/tusB3FZIIcx9YwwcWWbyxX6mrYqBIGkPosBiOeLD7DQG65IK1C9cx0d9Gt3GhWkpWECg0TZYWVd4DZPz3lTOG+z2EiUClcmO0AuXWB9KL4w159954Q1syp809Rm68Et7MY0u5Nj5EP1eZjJT4pWR2ZsRS7GCYEBOCZj1v4CcN+YSE+4kFqyICb6tCNxPO8rhmh7uJRFTDn2ypTSaWSgkbuQFPhHt17eq3GrA3QET/5hRHBtuQhr7XreOsOG6OZTDyj4Z03pa+aUwqadvsFL7c+D9WZMyyX/oA2xmODiP5bABVJkasSsLZXi8bKymqS9LMTmdnHlpvL52rUvu5oXWqO90VU+XimfFY57x4I5/5VINwpaoLc/rmHa+5kUhLo8AMe3rcxeDXwlfZIEXntbUg8RfhLsvg78gW1uKJReTqVxzbilYbMP5C+8b5OUt0/KP1QueI3Q/0k1hYLyrFEF/1smfUAexXC9Es8Emy1MLE15+8tF50oXdn2imV0IbCKB99S0f96ObqXaqDfbVj88Dzh8SLRAhttr25KCQqv658Wfh/F1zCy02koDoFZYop7/ZF6R233wgOhLzpVO9tRfG0j05wU12+FELKd1AxXrzJxOs7kvCmdLj0YllZOZuUh7uXxwb7ha+WUXtG4MaRkVC5Ld+q9exhrsEeSGY0E2+OIdmmqfjkT6Or9mqfRycdPkmFV9UaVlLgu6kJKLS6B7RMHGon5p8hRUvt/n7Rm3k/xStt8/4jPqhoo8Q8O9sh6kVyGkT9y0VA2EbZ5QzktRt4k6OBhCp8qHb59+wrTxfLISv6D5GbKebWyZHFABJmlDWyQUg2hHRLysdJILGjfLnY00goh3ywHcMBnAumjYxfXob8E8ok2Tpl6LJKT7uhy9BSJG2D16zKxPUr8irDZsX6TT5eKpRmUWMSP4LJi3+fHb8xctqUphOQeJM8yFH+deeCP9va60AJuJ9U01x2HoE3TnMWP7vwbBOrkS/EVD9kLd8IIK1Akpl+p/6frXPk5Nt6hxoWzoPu3AaCVHFdhsU9oKfS+pMSU47fAaGoGOwgJLyPrGlFF3muNJz1wx7WYiWJxKZ1QbeF0GQqTn4Cy4c9jLnTMl/b8onbSEiXB899O4Deu/oCfI6FpBnYiPnQ6FxA8u28n1oZ7AS4ZdJrhIrV5Voa1Yy7kDgVc10H7tl9i7AMd8YUPN0vEK3hb5hvc3dzjPHxJCzu/3GrXrrDAnmtJPBIPt4QBamWsEGuXofIH7IHaxgB+SG1STSDsfHwBN0rVCvOq6jw1o+GVMHvq32Qv7M7nM5bBQjnto07enGlaMqJzNbBJBtQHLuYPW51bFPYyBSoYlzI53Umine9oTkchj2/h/qiQuvZH+PNRkwf7Ve5WTYSbhnc1OA0Y86VOfmrVyKh6irY5qPFNSlmZzH11YfNzRTLh9f4YdcA+GrK1UDMM/6EfrDv2jWvsBuHmUYkEzrLreG7Ek5Z2rXU6K/c8WWJC4nlj+xCLDW8fxhW8/NOOpxAWDcZqtsQtww6RH9yIp1CF5FvIfIg/N5WqGIAxutbOYlNo0taSXriIIzoKG2uG2grzt0I49jfIwwv+vInWH8arVevuF1T7CxLO/tnrcC41WGjGPtzfidbC2X/qcIko8lsszi1RxRB9Go8QCDjLEOEvIg+mHgsxxp/mQFRyLida+AcX0f7xmQmB9/2rMt5qmflj4zUmhnKHtvl1Dy0F21sGm1FqPZAnPWpYXwZAykdeN4270l6++K3CP3Ndaqrq7Uf8Jla6qDTS5rg8r/pI589yeJPD56VevX/kJDDE1cKxpz8bUC6h0dHa5Q9C96rW3+gX0PLV/u1pOhzqdH7hzVOyOVyY/NRCjHLVTB489SAbb1BV1nbtYuypy1aH5jNUvkGkOXcHYXtz+MkGcG3NHW+RTu0p5tK5/gMIlWg/mRLtJlvBP3VyvFKIScVoA3SnwVysrd+0ZcOWae5Ns8pd5fC5d/eYmpCuJJqljKJafGsw8pckz81cRptDouSDU2J/IB9SgsOPYiNYbKhsqw1QZSuxgp6UkfQ9mDaMh2kdi5yZ7tyECi93h9imym7LpWH9leuv0C3kYwdTbcJQIK14kihVDvoQkeGSM/pE3e+rgA5f3HihBaJF5D6Alr6o9Nqt60c+19XmYVbEPsg3g6LSekUfH5126dTG6JokR7x+UweMcdf6yJRIO1lTVPekSAprmA5hVA/fyanmqUoZtpbVTcod8t4LBMhbpKuCSm9QQg0dnQZj+uHfV7YnPl7eNHTYKzEiaMxsGSM38ej3yfJFOIpVsU7j00+Dly3STqLZn6ko3q8J1EgsWxuZo7j5GVoonJiE2vq1ivWnk1q3I+YVixfmSGcts1gRJn91Fwkf3TrOwMQFov8byL5grw8IEfdrS+EH/sNWzY4wZ2zRT7JYp0vu5z8xVsDJJFvkFrIpCCOV14cumtDrUZ569sGRr0E8Rycn7LCQTholRfTzNd3Ksc81Ozyqagf3v5YM16Nw+8m3t4TjIZE+uc5Q1i/xOv/PgUJl9LN3yJWKYM3gZE697CNeulPpFIZ5zUPEtyUwlky4bzl42047UE8kQ6hBPyF64AP7x8l+JeWe29tDZ2yhRaBPjlXVeJVjcm5QjeavHuaO41fWY1i/PHGmAMoaH9ijSce5g3uZsT8yejrxo1A1xHofsD0ZqPWtkXACMcY3IGx2t0OjVuEjDhu3r/0qxMSYfZuj6FICXOxDB3wXsqASDTr1lfBUAIU3E7fzJP8voerNDbxxHjkHQpPv5Q3hhUvrQqxNaoB8+/5cCmP9V8VS5uKChyYIHsYm9RxDswcd2SerMLN9dls67hJFSqz1BTa28OHNNkt/p7sw48/0ksxUrS1qRGo4vSs5d17e1ZU6dqiCdYzgCp9Js5J17sskVi8CIEhgxcTMl9jSRy74+WYjmMHWORKxXBKuyOqXuz6AWeEXM8NyDySUjVg+oOSE5KiG9VVRj7heU8k5/PHcOBMir37BcEeghP371WSQmoC5e9ucMHf+oA2yFVRsclKu3W4BZjAjGkDEe+HFz1hb1ah9R/AMo+NpqqQczdZMeYsDbWGyC+kBu9qatGFLqexu6p1o3jX9hM1pmCK63oZDvp3I2luqASJotHdpt52uyvGw/eTjTGrVjXBUx0cDGmhUVHAcD6nKKrQp3uXf5/ENCSCl8tJVCwTx8VB2mVxWZOS8Rr0caQ7l3Ug57UriDFt+CJOqh2rz96/RhaAWoz5IiM4094lmDMhHkdUz3fVar5P6IAlwgi2dsG+546JR4DlUaic+3citi5g6YzAitsw+aD7nMf5jbevYic9ojUBiomCahGkbQjlqLzGfWSsYCIzoV159yI12glk95Uh55T37ufNwZeAgYbea6LVakvYZH6l3YKwQ627Xfbuteh2G52+7jnEY0SyQJFRTAYoMwv2DDIdgoYZ54pJlPuRq07bdDM482iyqH/5yvNJVJdfx8bCEEspKR9DIOJUZnpHZ+IEn+LmYdM/1Kftb0ri1ltzgLuoxNef/PxK9BP+5hAW3NiLLJK493fbZf86dvdeNUcrFl0I9rFpuv5cAYZ9kBc0dpTJHXgtXlgi6ft3AhjSn6C7H3UbZMuDerwTcMuTiMA9YvO+tQ0++FIesRNoYW1Z6GSmPKYFm6x38I3sEzkB2dLLs8lU2RlReV8xf6Gk/uuO99Pzk9bCXsmLCdn7k7emWNSt/vBDvhKt4ZZjrnsMMDnNUVzPvYZJ7Akyurrd8aqtnOy+7ogG6HpEET+rMxyo74+035gyecEemljWJ3gmaW7/5gEsC5BAMm9PYXMXBYNCX9Azw7rPtUIUW0QspO7ZOPrpjeVm5lMu4CtFAwEttvWb44TsgHc91UED5NAXy15ABo1x8/BkzTIbabMuksxU0nbbSKPqda7D4SfqrM+3z/ysdOLrA8KhppTSjggFGdeSy237Hn7MviXBobLiW7mBL2kXLXwlDQwXz6w2Lp/zNOApGmyr5ET8jCqGz2ayLl/e/FWHKw0MoNfH8HJ/BjGq1nh+DGb6zSGLXBIiWN0tOVBaQdLZWkyJ8MX8eogpQXUJVcry5+N1le2IzJb1fKFssgDRvc1RkEXjMkjl91wGHsVtSFcKsLKQMl2wexD3I7398x+y1otuJoepZQ+mfRBnXnnxzv7I4/Phj3T9XOI0UCrrIDD+sR0iVdKbUre62HU7FHPkmzIij/Zi4/DSb4p5Q5ZFHniNJwotZX/3QWNwsRItQMZDtVVH1DrUaj2zZHUNX7Kv1ZnbmCEVNsR/zf4CP2u5gVD88IEKudDPjOyFKW4j/SJtVWum/+4t56bsMQogrERbB1ykg3VWr/6GS8tgrW9hKoWaWXFGfyyTK2Vy129vpf9WD3skZMaVxBsNWtFLNTUzoeboVTE9Q7q9PTKcxHT/4S8BYlEkrpyGdygB29m2HhGnMCww8fJp/rRhhZJgvS6VZSmcBGDuCmfRB4dyy5hGi1rADOKnL96P1OuXDs+6VNP+Y7X/Lcb9gffCQdYQIsqY1WQBtzAIU35YUdDsDC7B4Z5ri5kNadtf/cIoV8JWvMAKD76a3d9OwPKcErDCNHEE1FDyTw2xazAtaKHoaQEq5Fk7v3hLDG+ENzymKx9Um1wH+hBsrX6S5guzJs2/wFk/UtoIhlUNCtsWsqbqKFuXlYG/AluROYIiQ2jfFuxkECZK59EYrarwojJQ5SHkj3eivx4b0za4jZr/0xKTG9w+6clKsngK/G7/N2iRS8b4U5ZKnhWIF/o+LGFZEJawsFPfdy3N7HoWNRyyBeBXq7Upbj+BYlQOulNB1dBnT3ScbXbJS0OxdkFcJ2ZsVdgI7WeuiLfz5UBtkD7/Xp/6MVqTCY3Q0Tfl2Aqs9gNrYCV0eAHNNLj9w2fRWUVTCrDwuUFViQazyfB1Ku1lu6PQuAWlgT0C1PM2tePejUUA8a2E8oVmCIBX70VNusu6dS+4BNAsVURb83zpeNZJfafxajl39jN8k7UrmxaNafllxAtsgbYEEdjBEZ2rozyiuM+OlmEvSq4jpOuA/ZAv1UCN4LcDKmZBE1yFk2fiXP7PZePJ6IS4M9PVNxlr5Sh9fTQAQmrxzIHqyfvm2aJ+2CEgDyfiU+hZijyM06SvYzaa3pxO70Qoz41N9a5evlLeIytXKSHNUYzMzGVnMJnCebUoSOhquxQhG4SGQRQHi60p2r/ZFcRfLRBGh4GFouKPP5l2xj3x/494my/7Jo7+MynwlmhVeMMHAYPz4lTEJDzaRc8M6y+xILoSX63RmsVORDw3rc6hBLKxWDFz+ZPBYoXC8P40ix73kt8JMH+QoOynRSPJJLcM6ICy7HGOtRPcxz9m4lnEWiTgKO61NV+diD3slIFZnaf6u5HXOxV2m09xpxwVsUhBwdCw/UeRelO3TZypgR/KMm98ASPicqUlPfvrmiVc+EvL67GFrI4GXfTLx8BMOE0D4EPv8hIHnknZZNbTaZ9ICQwdORJ9AQcRMF3bUpYUynESpTR5/pH+A4taTMihpkvIEovi6W2tJ1ozLpKy6uv5EE+gimxShsaOeys5MtPKz2bQCO6L/vgituWU+rJ9iOJfk0B4uZhclLMod04Z3yk0anCn2vIa96ckulOr5zxnYbM9s8ndnqDK4IbviKqqYoXYmeW377T1YzelFfvVH2rqIgnts8sePBznyR9R7EU0pnHOUZppkS9QDbtv7b+g1REDrhZGz8wvOtLy2meE43fj06o20QPqbOc8bd/1meVzEVt7MbJkYIL3xdgcBxtnFBGbnTmGJF1vYWwRkc0N693EuoWNOE2r18kcHN+rl9WbZc+iR7M2M6KMpZEWnPDRc/pgaYsjWzcndOBghTUSiHlu81Huzou6vgI2oMMZmUma2B9xqtR/kQQ4iOfq8jsx8VonVHYy/0rmGDUtCniv0YLmgu/GYtE/2SeqFw90+ccmP0iJPPnSyEXVlWBJ7mi+5cYJYSnNwemccd3X1nSxSzbJGHZBnzIXKs4dDAgCuNu8OTUd2IpWfGDaL6zv6ixwTjWSEZQSx/owGQWek1kINuK4xVmczlSIhojDc847Qsmix5r3lb3RQYEZnGbe02FeHz7bj+mufeB70OxQd8eNKS0U1vJ/2Lc/9Yw4/CFwKmdsVQVJOU5jcTYa9AVzORBsCXyKNQi1gGTUR4/6ysLoxJSnow2MqoKfcJEi8yF8lDa0XvLAyF6vwjZ1gWDis7Z8xLYKI9TdeCU1EPapaygR6ZFD5UsW0pdew3Yp+TNQGmrHA17Z5ZWs69/ae622XhP3L6kfCGkauLV+rgl6XvtJhGRAAlWPvmlF+kJc5d12QkNw4Pmy3Oxu3PFUdDTes175l+amtKWsJQnvx5sevWCZ78s40AKeq/6x3/9g1OltPQnhISPMhAhc5u6lR4JcWaREhYQ2pGO5m8VAshi7SHWzKV3wpxRfDGr9cHWsj87K785DY6Pjn9S9+XCvp4uWMRyiWYfFDnuNS5pZMhudddZZ/9GH5uXcfpahZmrl2Y6CIYMNmoNMBoCOtXHzVfNolPJeq/VqaP6CwMDRVcdsralXk0idR5ykFOeRXBbCHbVQHjNZgbyw4wYlsuNasu5Onl9pR2D03r+eJfCIBuWbm634GpyXIzwt5NoU3Udj7UG88U1w8HbWjn5J4E263U7Xk1YEn/H6FFDgjdHxtbG+nSd09uAtYMqlhnDYoMHHZ+7XWiXrpmncNPnStuOs+6kRKFYjmZHxpsaBGvA43219kKOyZcJL248Oc5tjH08zY80vib/j2g+jHmyheUEp1/6Z7Ex/oO5neNmRd30uBXhcfYhC7+dz6Lt87aLdCyPeJaXtVFyh53K4sH6uM2vj+y/2zBG5QRzg91PfKUvemsaxUBnj47sYizmMN6xOrHCuvbVEy1kTZiEMbiAWUaGOojPg6WCuG6+UEy72yMIWJGW45ftuWWcnKw4cUThasVaVlRSFWAq54Ysij3Xo0jk2+X4idEIenmh94YVGkH3EVRkYNTDs2xWL8NxpmTZDnUxuRvkojzku62UgbrkW56YRnCSTRVGQ4Cpe/fjO5WlI64sl5tT/75lcSSu3iRVPIp4DW127PANSzP8PcKYpsyZxxsvgrCzd4sJV15l4vZs9C6zDcqhar58ku46WNO4rWTo9ZlXIeUVnqLrg28566Ygxs2Ae75N+gKngnVi7PLbO0wDrNc4FIj4fwKG9DhoO1uUJ7iElfzbmJ8PDImN+F0h1yXuIWWy+3a6Z2ib0Oudvg5EuD95/IS8bNDnrOVBUW0/zh0qukxtCPUq4zfCfK0NQGM5fgAYW+KjFUkxlfw5C0SfX1U9KZO0vPKV90qciXf2JhWXntyzWk3JEPm55U0qGUAcCPEZdY26Va2D6PKJ5FTiQ3gfo9h7nH0xQYQtGq1PCOeqNNjSQKFRXy/1FktA4/S+wlxnb+CFrxVEcEs7xZVB81XdXeCjgU3IInMb9E6GZ0/kzuW26gz2KGOxWuZXdTqsL6XEKYFH3nwOeqea/1p3FbVq9CyO8IvtmfeeDK7KuV5/MSO4rMQhrc47qF3NTXj57zHWK5yXBR1FKYe8dzjz+rPXl+r5S9GKZzRwKbXKLWToyJjlXc+XGN13EaOYMoaL6141hmcGDgmj8G6eH7ty2pnrAddB+TATsBxQXBRdDtTnc21v0tCEe6X4CLN+j1fZXhR0LZx6DOCNFO0YvntyTaX4Al8cHzTtTv3tv2we4BnLYUdM1mK9OgBc9k6X7z+KWnPfbhPk4LZ9xawNBaQ8JwF2iCV7foYqEpn9Bb6taST5RQXPsaO7183VSDIXXwjLyFRuIK73nBSpETSlp5ZNx9JYNZyFIS6q7hI+sl0mLFezOseb0k+1fp0roaezsipjce5U9n2lYeTRk1becRbzPNtCe0DvHAd3A48HrFaDUv3VJMau+dhVxSqZ5hYmo5H1GZ7TW5abJQwGM0dexXOXihHzCLS+VPByBpK5eHBRE9iYR4Rp10bRFP4oRe+kB3xBbHWam1pQGY9pe8q2fTgAiwzYZYVLQAyJZ19i3cucwn4PzkVR8CH+nSNSV8nU/apOr6nH/ptOGGRCs3v5ZpCQre3Awb53Xw3IrGyIfht8MyOMNGrOdE/2GOMY1Vt8fEBX+eJ4EaklsdFHefXWGq9BksUpqQNg4VBGQG84vLn3TeajT2Q1tbjTjEbG/x1TsfCZAUneS/SzRaUDnw4kTByp3zam+1sdoXIU+foTAMnI1pq8rn0BlE1ZdG22REkX+PRjwUm7tHCCA4fCU4DzPxiVMbaS6vga9Nv3SvHvzM0O/VPMLeZT5PMknoOeLnaohYwcyX1DIU92hNfEmcRFWG7F5UQeefOfvPnXL7RJvOG2ZblDexsRbZYMR6vziM+Te5RdffDWq9T1lZ/TaJgaSDoMC7urcZUHMbHEGmmLP4ucIZpY62E/KB5R+OBNK/Ckmlp5Dh8aoSKB3tcbagRfhIzBp4mb7A+ftLhoRMH6vnqywJdy9YfGfPzKbDjKqD+ikDW5LBO9WsYE9e3mUvBcZCfxVuqDaZKfPJslonNvtrTf+3cJJFRzHz2Y6eO1NXc5SOH5i/wzN+/6GgVJ+EIUNfDacgpWwf5Fk2oZpCtamuO4ImfMvK+ANLX2qLW7U4nXA/zVeXkV6UA41SdbQLOrvzUfb0DbCDx6sXo/ykaD1qN6Qry9qOmerZ0A2jLg3nMJZX0KXY4O2cscX/uEWE8q04tRvH8iQl6bneSR7nWkCFpk1nQYcZolN6ZDihZGi9IsVLY72P6KIb8AY3vCpOxM97fJiKPHeLMx4hInkiLDMa+tJdb8wLcblh6QAg3nD+1noyEaf7rICih1u94s7oNQAZo/K9hIAGEihCcz0GTHuKf1UxxTDlP/VotdcUzKS9o76SMYvflfzr6ks+vwMLKju/7KgKPkmD41TkKcOixuHtbdyLZP0IYjIyEA/foK8YAFZUP9cK3MV6NBsh3A+M0VmuBmiEHWEAXOEdryKFxiMK+hb4QM3o2wgpeLdjCdUPd9mJx9d1q6k2beDnA6ySh5Evx3dpvQ4C4EG4H8dPniFw+nuIgK8gUD/ISwbsLzM/rabqgiswfeOjKywH+jqhuFg8DK8wVtp06MYM8eR5TVQ2Mal+tFlQV3fpv9yKFKC4HU9F0j/UzpifE9qCip6A8T9Rk+SSmHfSP4h9cEtqQqVILADythQy3579eLjOJd4rJQqCQfRe6lmZ0S04YWN175noVYxS8VIC4zeNxbdmQeIL8WnxEz0KKPakfXj1O5AJXQ9ha5fcyCpkw/CmhtvMbJgvs2WNs3LbOis1kwPjqA8QCjSXVxbCbxTl9zh9hCRF+nqz0zZtHNgPn8oV9BIMK5LreXu6h/njCFofKrYuANO3jvUFFijlCiUzsOcOV4Jg8QA/iEQt8DOYLqmsa5ly2wXpigE5qofurr4kusE0XFY4NKj/HDbEjlIaYeiXfaLIHFYgqA89xObfqkguLSCCNtEz2WBOTJWh5Gj8PvwSB/bbE+rdOJgyQ/Wfr9SJqYaiLh86LUNE3LRtOAy44v26sf7Ipyx2dBNUEzxRPxzW+PG5FWkhX8+hepOjmCHNas891ZAGen8x9M1RbmwrM6ct6eb6R8hcSMc7xG+nhLRtzXO80Mg56KtCgdf79/VmUjoTsltRczzHhqajK8FzmWQmlKxAk6e+Z58GSx/BbkJWUq86zNpg0DeiTAeecuTRZ3UB60r5UKaMVNG1M8+VcAc9ViYn7a88VEfCuO/PHnhCSs4hEgHd0RDOuxdiEWKFkiUtR+FAX+ablZT7TeoMUzkyZzaqR9+uLgw4+g0ncMVcbnLdYf9pjVuNyC3IjHWPVyxwmyUudfoi6NkxknunlweO9StwyelKsSjYMsTmbF0I+kGCdSLEIfSFwkjvrjYyjS9j6DnUg269hAD+ExmrN8HGdkA+d2C2vYS2XuaQ7ZENZ55pmuGpwWbFiQm5M4Rhb4Zzzv2Nho3mT4T9mUq3+z6dslx91DAa8p7ua9W2ywm4ExKmy9exeZSVs40cXtWWUv1FawLPSZv/R8Arfd3jNjdQpXk18fSjQfr5fVtalxIn04hsAcZCrtAspPGaRR1MVIqUGPVMjHfznBBTWyUhsTAt+l3lFzr/5ISebcVX6nZOMX3QYPIKocYnX6t9LcKZ++OgpgyEcqp5c7HanpiCXF7rQjZbPAv+aTxxZZ28PAhz1ObX1y2gyfZkafZJHTIs5n+OO8roDPlKTYeDjGP/K+fj1H6kCW4UUy02ytGHyV1n1pzr9jcvfpIErR5ngGUNYOubsSaO3lxuK9N60BvdkqN3KaqyVUtl9fkpfVsxT40+NpUD+3CSy2qY8C1zdvsX7lYbQBORRG0CPgzxnax4I1/2gRLFJ8LUX88w897cI1R20ev0yLW77BKWP5RapHrhta1acEx7lqxRVZ1yjxzBYop/5pt83ynTVmmOjvUTxXz65ik8Ejv8Oc8uj+vqQ/OiF+sHNBDyO3lm4mneIO5XzFK4OjRSbVPRr+JrlRe3OTMbenckF6QfQrrJ9Eu7AOAabRBCjEqOZl2REc4phy/QDboo2MoyYTPiPVGUxt3YnO8B8pz5hibIw8YvR/ewhCihfI91QDTpTAz9+BsREMQe299OTWRpgLE4m9AwzwQsIzOm1PsQZWYa46eXJRTMUiBnLQTzCU168J+wj3NY2HPlzdW/GzQmeuQM+B8TQl7bSBvO1E30eJSKLp7cmBVuO1mF4pqekxgsqhRgsVx9BuWdNTZg59Sfra1oQVa1VZ1HawozVIJAHkl/eGRBaTgEdDbdQ8SJmULDTdOsdpC/BnoRRVYn6KuQGeV/PE29t/rWRsxE3wEdwyJxrH9hxZ8Zv1baSq3iy6IhJaYdX8bBbdtywTLuEPKXmU54D7/R/8Xr+0kxmSK7SWVM4S9Gv54fdK5SDLXdDbTiMRAo9dSbefNVoQPcEBx8G/Acywn6PdwcgOJofmhE2xun3WcRH1+lFDjWDhr3cADwwz+PS0I9VQBgfnKpi0Bk84VeUU92K+wHP6Wipi1VMlgYdT7yTTH3+0m1UgrBfhyhZWu/3clmmPIHui9MSj+u7/VpgRkyLbk/yC0TeVeGv0IIWcEMe1Uc+pnhQ0d5v22spVHorZ3cLyc4nnF7Se/0sdzorCaUro/WOwTIv3mg0K/mQ/N5FuJH0aI8rJ3ZTwtz0xSHMoD6nVfUauLnNtJq24m46PpmHeRq8ueHlncewPaoyTyokDED0yw/t7oTwvh8jTLBOn12AnRKzsJCxpJsqE0ex5ShTFpxcBS0aZL/sez5ZW2qFitm/GL2fFDaTOrt9qlrKxj9cOFOgkuZkq+z7lCxyJPPEycsh705roFB8tiIh2CrHMfi9VbeEzudeVMSRBxW0AY8cHd69YSeh4zS4uH4SKDpu3ctAauDBeSMS5BJw654j3/63dy1EGqCLn2TqK8If7wr3OtfupXwFAQktlSsJQQ1W5EpNpsKFhvBWZb/qgTaK9CbRniSyzxedg5H2BrpzlibcHU+qk9qtXZNb1FsX1rAVaMsK1mXF11Y7R0ElNFGPsEJa9kOWJYl2LkAJMFmnUbgM12pVThczQhE5th5f1UfFvfmNNFMBpeuTKcr8NLSsQpADPGHKCtna2QFPjxDczoaKdwZ1ozV2L1iGLa+p5YdTWAK3DBK7qUw7vovXZ3FcOkT1zbs7sgABbPU4iCnMn7GfHUe8yL+atAvjQQRSH0Ij5n4PfYhkHSfQ1TN9YMHmiibJn0idGb/dCnJin8ZG9e+k5zwzCI2ML7h+dK8QF1lxVOA8fRE52LUxaaQ+i3g/394cupU0r+/tYqGuI1F6eOyMIJt2AXD9aS+C8jecs0V7Wem3mjTha5+DZlqo4bxWOGhhQMPV6CUcZEUtOz0JEeUienwxzEXySRuGTC30sjro41eQS67vI4hisf4JUII3dymDiD3Cx+f+3peg9qw2+TXFOUE+Zr3iiDcNiba2v5qKSMk3HNhu7XCEEi5l3bKSno1rl7E4PqQytCWwxOTgnAvOnjgRzdpaXIcWmIqwz4qcPpRKfSnySvUR/iF3oMhgDZL1GXWJg9LIzRGLjHCy0GwtyDxEsDaRpib+WUF+XuCywkRwEh62YCuEWryOjf3iuotR8yAXzpghdLFGzfYTsbzUi68XJfjOZx5vfxFZt+Pnt6GTYXNqOPk3cV64uCGVyPzUyD2xJj2SYVsTxT1eisOfhdONgHFxATBubANkLtoQMLUfxEnM32Wvx9P/ESChnwmtUfkLZ451MtqlYBt/46QlyQ8kM722BV7pyQsy45d3cT0RRytSOnY+ld2q4orfT2hMMRsTdgmSO5wioTP7GuqqogIOqepZUZX368wKyiJ8EuaAUiHRsUBSiiMHgTVnQaGsi2Rm7SInSYqz31k4O5nFEkn+K8Jyuq3M1W0DA5XNZauTkeA1t3JYuFwpiEahWueLEfjXaMTDrbYjxDmmBQzv1FYlIUX8AEcz+HMvVBYVkY+QKJ3ROr0RH8CmvZeF67+8HPTFXjo4FG2wh6OFPHBIIOwN50VEC/Gr/53L252kfSQOXxgWAhYBwoLVmsNmUlmx3aCkZ0J0aSTJqA9er1OFQewmKOgr5pXnaT+8LnipD6NRXbhB/JkBTuMB3Q3DM5oitCdd6WSr7t43PzvLku074R8jV5Y65R0TTv39Cg/Scr582on0quGQvdRWLTMKtWuW7KEj3VMXfIxbz1tysbSAUhxeY9RxDr8nsiEIZx1H+PenGuMXVwgxnpwbvK+4sA6i5Df+FyTj2hb/QYkDwqDZsvyFxn9kAwG4ZBPTVcW/+oZxrTblyUfobu+lD+TJVV12MJZObiAdLjw+o8nGjPwmSGVet/zQ6H3SPHhBzgLiXuVNXUCv/Wsn75O4WUqmrXEpsFS0n5pTazuaDkxHchnPc1EjG80y8cOJUFwhgcRHdsxxi5SceTq1Ef2HVTqXqzrRlPDUiZ3ULRKCXo/3s4j/yoKhYJTpqT1O8FjO03EJI4vkQOkY8G4gvA+YPas0Czm9q/dpTjtndD0pbZYlT76UQxzrDo3GZOoGTmr9IvEGgKe9aE3Jxv5Q+JmOIGfhvyFn89PTUABQal54dcY8TeBAMNl6d7kY73KdMRRx0Sf8DbSalUPWmVBclVgfz/Cil0FOCcrETP0uMgEk5bH2uT9rNC68+yWOxL7Rn+2I2EB2FzivR5dEx5X9aojeXEF6gIVm0bGy7pJzVoE3oVGauJB0ApI3mlx5W8adoSiuhMOq6oFcH+ai+7qAl74x5c9zP70N13Q1mfc2fc53pHD3hYM0D+EdBzwxfw82J6jgGPJ10d12krgERuji4G8ozMVLQSUQfKe6PtZmDQzYU4hVPTXaaO6+I/lUxmxPW7yHl3v4jxooQKGglN1FmMDAmce/IQ0h8KWClYw20K4hAkV8om7tu/uOrTBSXuVvGF2zXsdrRUsNdV2f4jXuP4WI5+9xfrwAmzDU2PU55htDHP9UGfYFuNLqwEzXV3jSeqTgGoPbmC7jzpCuTUNT1TFU9AsfHzukSglmej/5hO7O3kYj6YAgvusWV52k43cpelP05CgXVVe5ii9/LzfsMm5OdzAw28mK4Rk9Cv5kIJge+vGtUeFuND6suLUL2eoTS6iuQIBzYWfcSI9x7CQYQtA6YsXwWzCrq18DR5VGrKTNRShZN48QfXYQpUGbpUC40hOZO6lKwzm5VT3Ao9Y9a4iOW2+/5/YY8Plo3jPA96wfXugvYb8k9z7F8utBb2BOj00FMMYPUgqvMGpsLce16CuqIINBzSx8LGAGyeT0JoOD9D1+t5wOzXmckuB95Y/9TqrQJQbeD4otRXx66jMcejtRnwORnpDj+C1H4vBcHv0toJVALBSVJw8a68wnSbttISa5nyVU3CVBrf+bVwG8t7fjNDudqCOMeTsl3qztFuygOYnN7WXnkuELUAo+Lws61X5P1J6HzuWONk5kGqcAqULjWnhgqJgh8itHzi8tkGJct8WnQD6LKGFf59nLbst0+cvj/ADNAzL9LYLCJAygk5C9+aSkFggjkViWA+lJtDSZoWjo+QDyvUVLLRaKAipGRiBckgYzQFh3k4FAyrdLtUkmmhMxrs5wn41vBHNUdioDjINWQKAevrSGGMcHrQA7lQPWgY+TkZYc4pDIT70ySW3YLJll3e2aTKg7MezbmyxNIDR05mXCsMemfSs5o2gzehj3DJrFmyLaRgduaQyZfekBKmO55oGJIMrigRQniJNUiWQNFx0p3CxC0QI5FMmxTnsw3OKtMhxMu7s1jUv0ArSLuZyjYzue1aGQu7HTikO49JivvSaGmTm43R+nalylcxG8ZUB+MNyKYmgVsrg5oBD9oIypII9qQyaJ3xhjx7mpaKTLWPMGOBUXLL9lIQzDDY287RQlqMvYK7A5Vo26H1qJKw4u5oRHeqFsYHqOla4dRvdkzbLc7xiHAG5ccj1r0aKcncym0jKtbgMZlHLn17cV2+xul2Ryxqq7IrSZhI0THkfjW6SMFJ3sx8zEN06VzV2zVDDLuxnjFcaUh3SNW11JolCdRWc4M0UyWa6Mwz2ojGxE5XKJO+Q9qpkoilLKvPSs2alG4OW+U1S0JkVgeadyRCctQMn00N/aERAz81ZVHZGkNzvJplhhGR2rFGrOO1afzbhj0rpgrIwm7szQMj3qiB9ucueKllGwXMY3EjHfNdCTZjdIz7vWYYQQnzPWihbci7exmPe314cRgge1Wl2E7Ldj4tHup+ZXIz60NrqCfZFpPDoPWQZpc0QvMSXw24GUcGq5osXPNGVdWM1o37wECm1bYqNRS0Zf0u53J5ZPIrqhLmiTblkaeNwqixcY6GgYFlUEt0oC9ijPqKL8sfzGobSIcn0KU80koBkOPQHtXm46pdqKOvDxdrszrl8tx1IwcV56R0NkCjjiqJJ4Lh4TmMjPfIzUtX3GnYezSTqSwB560krFPUYiqB7nvTYh/G0MD2zUlEQVnORjHoKYrXEI2EZ6UxNEqOzqcDikylqSwZAL5J7HFJjRbSRCAGBx6jvUWKHAqk2+IAoBjpzQNGjFJujGRzioKQ/igYNJtFIDLvJC7GrSJkzJnB37h1FbROeauMmhx8wIwenvWjXUxi+hEo456VJrYbQIfnn1oGWvJM0QdegGMmovqacrauVpYmQ4ZSuDgntVkNNbjFdVHQlvWixNxfPYnOFosHMyWyuHS7Dk5zwaUloVB+8dZZXQZBxXLJHVFl1ZCT6VJY5ZBk80ATowIpDJM5pARSIOeKpEsgaPFMCJo6YhhQdxTEc5rso81YF7ctW9NdTnqvoZWK1MhMUAWZNPuUtVutgaJv4lOcfWk0BWz2NKwEqcrtLfj6UikAIUZz3xQMnVs89T7UiiXy8KCOh9e1Sx2Jol9+PSpZSJBLuYopdGXuBS2Hc1UcT28RY/NHzjkVrBRnHlW5lKUoyv0/I0bN9yYU5BNb0KEld9ipTRO/wB1ueterCKOWTdjGsm8q/dCRg10dDiT5Zkl6pimWRTgGploroc73uSgmY5rzXKU3qdKEYLnntRFu2gmJFky+1TfTUWxog7UqQIoxmQkihjW5FPMBlSKzNLmccliapEN3GKM7jTQEIjkkkwoqGUjofD8EcM4eYfMKwm7s2irI19XuEaHKHFOMbscmcjcEs5zXSkczdyA9PekAQSbJDnvUtlFNri8vm2pkLXcvI5XZbmhZaKoIe5bJ9KTkkF2zWjhSMbYkAHtUOTZSVidABwwpDJQBkUAyVMHigRU1OxW7tygHPY1pCVtzOceqOOlhmsbggggg1tFuLuilJTRqWd8soAY4auhSUhK8XZl7PFUXcx9SuyW8tTgVnUnyqxC9936BpduJiXbtSgtLlWuyzqNsxiDRj5lPQd65MXSco3R1UpdDNi0wsfMupUtYsEgvyzfQCvO5OrL5m5cqWv4feMitoxKCquVyMkqfxqLq50qnFRu3qd5C3hS6slt0s1DN8pAX94MD71aw952Rx137KPO9vyMfWvCn2Mm7sJC9sec9dv1FJw1Oqgo1UlF6/gzAvbCW3jVnjAV/uupyrfjWTVmEouL5ZKzKPHQnGOKBArMjUgJ3gZkEh4Q9TRcGrlcMYzhH46Zp7i2JYJXOQpBz1pNFJk43Id0hG3GallItQuGO4OvsBUspFyJ+KllImBpDI5SNtAFCZSSB61aIZUkTJq0yGixbW4ubKaEgeZCNy+47/ritoO6sZSSjaRkldud3HOKg0muoxs5BxwaZmGOOtAFu3uRb2zK4LB+gB6VLV2aRnyxsytc3Mlw+5zx2XsKpKxE5ub1IVVnYKoLMegHemQKVIO0gg9we1AE0KfMKlstI2rGTb8prGSN4mssny9azNLj0fPSkMtRMfXmkMsITikMlI3LzTEyB1NMREyEdjTFYrzOsMbSPwqjJqkribsjmJrR7mxl1R5MM0mEiCkkp3bPYDgc9a61GyONyuzNNBIUAaFvrF9BALcSK8IGBG6gj/GmO9ivc3LXDEmOGNT/AAxoFH+NAEQOP4QfqKVgQj8jK/lU2HcfHMFwccik0UmXVO8BlYhfQGoZoSIy7gU6g80hl4xLJHvyBJ2+lXbmVydiW0VoyeACeCTWDvFmi1NGxQKSo6ZzXtYWrzwucs4WZbc5Xp3rshGxlJmBc/uNSDZwCa3b1OGaaZpsY54c5GMVDdmaq0olSK7SJigPArhlDW5UZrYkM0bDIYc1pBLl0LuTwAbga5JSuxtFxiAnNSSCnamRVC6mRdFjOahrU0TuQtkk4NICEMQStIZdsQFOeCaibLitTTkkESoxBHqRWK1NWUr27aR9qH5RXRCNjGcrlORs/WtGzMhfPUCpYx0C+a3TpUsrU1YbeOJR5SgV1NtnKlYmEfr0pFjxhTwaAH5A5HNCFccj55ZcUASNKsY3MQB707MVyN9QtUXJlX6ZqlBkuSM2/uNMvEPmON3Y1pFNGbavdHNXCJFITC+R2qttUawbkrSJYdRmjGCcitFVfUpxfQqyuZZCx71EpczuOK5VY1NHmUZjPU9K1i/dEviOgjtHnjG0sjZ6+g/xrz8RivsxOqFCTalexYj0m0gG5lDv6tya86UjuWox7WPqqgVjcuxSlhWB2mWMMQMMuSNw9DiqjNxZz4im5Qdtx19q9x9mPll4o3UKyg5AxjH4EcGuyFXnSbjY8WhNtuN9enyGTSWV7I8MIKW0iqWU/wADkdV+hpTjY9mni1iY8k/iX4nK3ttJZXbwygEqeD6j1rK1ibkauGYfJxSHcmMsbRCONXDfXOaRRA8JCZKsCec9jTuS0FuwRjuxvHFDBFmHdLlWHC9eal6FrUkUqroQwA6YFSUW7WTFw6Hd0zz6VLRS3L6j5QakoUQeY3SgCrPHi5Zf7oxVIllKVMNVIlobmRPmicoxG0keh61cXqQ9NRNVtVjlBjYNG44x6jg/5962qQad0TQqxlFxnozLxlT7VBIzJwevNAixp8P2q9RWBYDLEAZ6U0G5BPs89/LLFM8bhg/lQIdaTCC4WVlLbckAHHPagEEYaWRnbkscmk2VFXLcceDUM0SL8KfvVXuRWb2LRoKrKvWoNCe0G/J9KTGi9Gp3CpKLOMdKQyReRTEA25pXKsOwrHAWlcdjmvFkwijS2Q/NJyfpXRRV9TmruysZl7rs9xpcOnxxrbxRoEbymIEgHqPrzXVc5THpCFoAOlMAoAUUAKKBi7cMGFS0UiWKVkfdxg8dKzaLUiyuGZQvcUraFXL1uTnaTnHcc0k7DsW5pDH5ZIJz3HpXVGj7aN+pjKfs2WBfRRRrklUHtyTWlGjOE7sJVItDpNWt/L+Vst9MV6cW73ZySqRtZGDdTvLMWJ+lVKV2YLXcEnmVcKTj2pNtiskS2i+dKI271k/MT8jZbRyiq6MSOtZOaLUWgUMjAelcj3OhPQ0REzxggUJisV7h2gTBq7k2M2WVXbPepbuUkQZYkkUihu0l+lFgLtltQ/NyaxkjSLJ9Uu0MIVcZpRWpUnoUIjlcmuhHOxHHPWhoZEd2DSYy7p0OWznqKwnI1ijQA213HGBwehOaAH8BeSBTSBlaW/ggB3yA+wqlFkuRnXGvMx226VSigtJ76FbOpXx/ixV7Ee76lqHw/PIN00hX6mpc0NOXRFhPDcTD/W0ueJVp9xH8MDHySjNNVIi9/uZ17ok1qCxYEfWrjaWwe0cdJIyyCGx3pPQ1Wp02g6akZE05/eH/AMdrz6+IcnyrY7aNFJXe50oKqNsVcjkdKXcayE8d/es3qUiJ4WwfWpGUpgQfmFAmMWcXAjsrhVdXYoxxzgj5Tn2r1KE+eCTPnMXS9lXcl6nPyLJbyXSsMPEwT6HNZz93mudVFKbppPuzQvLdNW0lp4mVri0RS4Hcd/yrO3MehN2XM0c2iYPXHPUVmwQ5C4LNnJA6jvSY0SpG+zeWXjuT/SkNEcihvnVVB9v4vcU0DCMLJHuRCZe5DAZpAia1j/0lvMGCRwD2pS2KitSRDHJIyyoxkzgcflSasM1YF2ooycYwc9/eoZojSt48KM9cUhmbcR/vnbHU00JopSp81UiWiIjBwehqkQye0WQPHIiSSMjdCuVPHIHv0NdsXzRTPMmnCTtYx7+LZMzp90nJrKcbPQ1o1HKOpW5OCtQbhDNJAzNExRiMbh1H0poVxgDO46lmP5mmIv6naJZJBBtBmILMwz8wJ44PQ0NDG20eBWTZrFFyOPmpNEi/aRE3CORwKlspIuTsq8DrU2KZJafu0wByetSxo0EO1ckcmpLAuzHpQBJGkknGaVxlyK0AxuOaQywY44oyxwABkmnYVzF8N6fba9dahqWoRCSKbNvbRkchR95h7gcA+prshywtHqcU7zbl0OP1zSLnR77yLqMRlx5ka7w3yknGSO/FaGRmUAOjR5HCRqWZjgKoySaYCEFWIYYIOCKBBQACgBwpgW9Njgmv4Y7qQRxM2GY9B9aBotatpcmnXhiP+qf5onByGX+tZS0ZrYqxI6uGjI4PUVDY0i88ZTEyk7TwOOh96rkdri5lexYYu+xmOR1OBxW1GbiTOCkh19aebcQovG4Yr06UlJXOCv7jRWu9Pe0nWOQEBu9aqz2MXJpO5fm8PyNaiaE7sjOBU8yvYUXK1x2jRRx3HkXcYyeOap/DoRo56mreaQiI0tumG6gVzuXNozflUdURafcySo0U/BWpqwS2ClNvRjJ2RTyea5nsdCNHTpUaPJI4rFy1NEtBNStmniLoOKuMiZI5iRGWRlYUxIdEcKRTQMGVsgimxA8piPHWoaKTKztvmG400rA3oW9u1BtqyCOU/Lk9aTGiSCPdFv61EnoXFGrpSb5doXjFcsmbIiluIo+WYCvUSZwN2M+41uNCREuT61XKluCuzOkvLy8bC7sGqXkKyW7J7fR5pSGmYge9PTqS5vaKNm10y1gA3LuNJ1OwlC+5optUYRQPpWUpGqgOG4jmoV2VZIJHSJd7MABVpN7Et2Mi7105MdqpZvWtY011M3NsrRaff6g2+Zyqn1q3NRISb2LE+jwWQjOd8rHgfTvXLicR7tl1OvDUm53b2L8GVQAV5TkeqkaUA3D7tTcdi0qDHSmIjmXA4oY0Ztyu41NwaM2d/ss8d3sL+UeVzjNbUanJK5zYmgqseVkeptFJayXT4zeICm3kB1Izn04runJSjfueZQoyp17LVL9SjpV0bGZZG5iclZV9VPBrGKtG56KkpzdOXVFXXLFrO7aNOY2+ZGHRlNKpFJ8y2ZlSbs4S3WhnKfK2tkHPBzWb1NtiRFXzAxG4Dtjip6FInvATCrvjeegH8IpRGypCdkob3qmStC26RoQySbnI6GpLLtpMZflkUBl4zUtWKTuX41CuGxyKhll9Ce1Ioa8IbJIp3CxmXERWQ00yGirIlUmS0TafGzyEGUKrMqYZuCT04+uOe1dVGRx4mKdk+pU1CH528wqcEjCg/wA61nE4qEuhilWjZkPBrBqx3xd0NcDIwe3NCBjaYFuSZr28MrqFwAAo6ADtSkylqy5EuBWTNUi7bx7iM1DZaNEYRcAVJZGqGSTmhsLGlBEBjHaoZokWSucZqRicccUAWoTSGW1ycUAY3iy/+yaWYUb97cfIB7dz/n1rWlHmkY1pcsTTstT0/RdA00F47dpbRjE5+cbwATkDuxJ/KupxTlfqcibSsecatqEuqX8l5NHHGz4+SMYUfSqQmLoultquoJbh/LT+JyCR9PrQ2lqxWb0R1x0b/ioJnthHbJBCsUW0AmMYxuP+11/On1LjHqc94o06LTp4Y7ezmhj2kGWRs+afX2oZMlYxAMkAdTQSdHZ+EbxtYhsr0qkbRmVnjO7Cjt9c4pj5WVvEeiJos8aLciTzckRn76L2z9aBtWMcHBoJOptbs+I7VrK7ESXMKb7eRBt3nPK46VEo3dzWMrqxm26qkRXZgg4b61kWiyHUrtcYxx14qoy0FJXHQjzLpIo+c8ewrZO7siHormhqMkaX9tErAlcA16FFWiefiHdmrrFnHdWIk43qMg0qc7SsE43iM0W+hWzEcrfMvHNFZe9cii/dsU9cFskiXUTgOD0FXSnpZirQvqi/Hqoe0Uqm445rCVr6G0dtTBmuJWvS+NgP4U1JvQGluNu/NJGehrmqNpm8UaGjQNJyz4A7Vg2aJG/JvSAqgyuOtOLBo5W7XdM/Y5rfdGL0ZU2kNQA+RvkwOtFwKkhY9aQDV5lFAPYvLyKsgjljLcCkyoklirLlT0rnkbI6LRrdt5OMcVhJmsUcamm3c5zKxAPqa9n5nm83ZGha6NCnMh3GlcTu92aUcMUIwiKKG2xWSJQwxwKQ0hfmPQVEn2LSHeYIk3SMFHvQotg5JGfda1GmUgBdj3rVQ7kOT6FJIL/UH/eFlQ1bkoiUWzYsdLhthkoGYdzWcqjY1BdTViXtWbNEYN7cGfUXZT8qfItefXneR6FCHLEv2gDLk9a5GzqRowAgehpoCyeBuqrisV5XzUtjKMxzSGU50EkTLjqKqLsyJK6sUpkjbSTiPEscgc5HQEYz/KvVf8O6R4+Djz4v2U3o7r/gFB0LqdkY45IAyRWDlKeyPo1haGDs5y183+hfSI6lpAtmQ+fBloWI6r3X8/51cE3Hll8jzMwdNVfa0mm18VjBeJMFMctz71zO6YK0ldEKgrLg8KOlJjRab9/DhIlDD+LOSaWw9yq0TRj54yCeQSKdxFm1VWjKyICfekxobE8kDEhML/tDqKGkxp2NyxuYrqLKHJHDDHQ1nJWNYtM0I+OtQUStkLx0pDKU8e7rVpktFGSOqIYy0iV7tVfhT1I6iunD6ysefj3yxjLswmyylGwMn7x712S2seVB2fMY97CyHzhyF+VsDp6Vzzi9z0qNVX5Q0TT11HUPJdl8tfmYbwpYdPlz3qInQWde06DTEitkmLShiSNv3gehJ9QMDFN22C1inZR/KW9TWU2XBGhGnNZs1RegXaKlmiLCmkMliXnNJjRo24qGWiYnHbmkMiHDetAFqE0AWDIEQsxAUDJJ7CkB5/qt5LrGpSTxRu8cfyoqqTgev4mu6nDlicNSfNIzWYkYJOB0HpVmZGTzigDtfAxhtdF1DUrrd5Vu+T6ZA7D15ocU1qNOxoW2rWlq6i/kFvLfR+eHboMk8Z7dqPM1v0ON8Q6jc3t80E14LqK3ZlicIFB9+KDKTKempDLqVtHcuY4WkUOwOCoz1polHrQl2hLj5dmShfg7hnA59z2rOXtOdcux0Lltqcd41uVZPI86BH8wOYETLHg4Zn7/AEFamUjjzQQSwzmCRX3FGByGHUUropXRqR3KPDJ5xzM7Fif7+f61Eoq2habvqTo4C8sDnqCO9EE7Db1HwSeTunH8PauylRbVzlq10nyla28y91JWYnJPFdPI0jmnNaHS31rd/ZCsbk8dKyitSpP3SnotoswZHzuWtKsbamVKV7ol1jSlEG9MkrSptXsVUTtdFnQWia02uBuWirCz0FSndalHxHAMK8HUdcUoSS3LkrmfFcNJEA/UVz199DWi9NS9p9z5EnzHANczR0Jm9/asZtyFx0pIGcnNdgXMjMOprZOxm1cWOVXqk0ybWFdQSCKYiCbAPShgiEYEgNIbLw4Gaogap+bBqZFxLtvBj5ga5ps3ijfsZFTaFPOORWDNUY3XHHFeueYOPTimhCKrEYY8VRIx7iGDl3Ax2qWm9ik0UZdZdm22qE+hq1TS1YOTIxbX16czvtU000TY0LPTreBuV3H1NRKp0KjC+rNRCqjAHSoLHl845oEQ3t4ttbuc4kIwo96mb5Ytl0480kjEt0OeeteVJnqxRsWuR2FZM0RpRyAjGKEwHO/GM8U7isVpHqRlSRsmmgGBc0xFuGEXOnKTGD5aMpyOu0nFe1h2nTVz5fGKXt5SjpYpeZHGm2NCo/2VwM10vljoefL2lZ805X9WEEzw3KSbQMHn3FRNKWhdKp7OXMjL16yVL15IxhHw/H8Of6f41wVo9T3MJWu+T7jJNu+7duyPpXNc9FIiHySqinBP6UbhsyeYiVwPmIUcknNJDZBEjLICrcD2ptgkSzyYBYkscd+9JDZNa3T2kO4RjHU5ODQ1djTsjetJ0ngSZAQrjODWTVmap3Vy0CD3qRkUqjFNCKkkO7NO4mhtlZSz3yRRgZwSSegHrXVhpJTuedmEHKnZdyS7ijErGNcY+UZHXHFeoo3VzwZSSm4rYyp1jilyw3RuMEGs3FReux0QcpR03Me3uptM1AzWxUumQpdcjBrjas9D14SbSbJta1EalNDJlyUiCuWGMt1P4UFMmtYyIlGO1YSepvFaGhDD3xWbZaRZAwKRQ9BzSGWkHFIosxN78VI0yYsKRRGCCaYizCfypDM3XJprmSDR7Ij7ReMF6/dX3/z2NbUYXdzGvOysjr9HsIdOsYbaJIYrkQKm5VyCRk7j68kmtpVYqfJ1OZQfLzHmPibTLfStSa2hupriT70pkh8vBPp6/WtCTEP3qBEv2u5SyayWdxbyPvaIH5SfUigCXU9Rm1GSJ5wo8mJYkCjsKBt3KY6UCCmIlE8wjEYmkCA5ChjgH6UDuyRftN9Oql3lkxgFiTgD+lJu2rBJydjZtdFEahpfnb9BXPKs3sdEaSW5FqGnBoztXntUxmVKF0ZULEI0TZDKPzFdF7o59tDRjnadgJMBW5HFU6rtYcYJMlAed/Ij5JOK9elpTR5lZfvGy3aW7WurxRtwacndGWulzuAg2c46VxdTrMHTyI9YnUdDXVU1gjlhpVaNhwrggqCDXMjpZgJ/omrGPorHiul+9C5y25aheuFjJIYdq5+p0o5qQeXduOgNRUSepcG1oPyBWFlc1uShmEfBq+VE8xQdNxOetS0NMcmFGCKEBPGTiqRLI5xk4702BV6SDNSU9i+xAQYqzMIBuccZrOb0NIrU0Ishx1rnkboto5Eg21FirmS2r2sY4bNetY83Ugk1uNlIhjJNUkgaZCs+o3PCKVBqkTZE0OlNI265kJPcUnJDSZpw20EABjjAI7mobbQ7JO5IAXPtS2Q27liIY7cVJSHhgadhMz7/AFWO1UhSGetIw7kuXRGKlzLeTGWVjjOAK5cbNJKCOvCU9XJmtbR5QE5zXlSZ6KNKEMq9ODUFFxWzjIxQAjN6UAQSHNAEBGTTAeic4oEbujWwlsHJJ4ZlA+telh6nuJHlYqjeo5HNTa/byAQJbv5cQwOeR611Kqrux51bL5qMFJpJ/wBfiULq+lliLxJ5Z+b7nOPxolJtaBhqcKNbWz2I7RiIts+5lzyT/DnqM/rWXJpodNatKVTmk/QiSPM7Rj7qngkda5KsORno4et7WNwurAEb9oz2rJM3auZYWXeYiCoB9OtVoTqTwRAxsgPz1LKSIXVHnZGbZgCqWxL3GqR5yo6sUU/MxOaAvqaSX0cEwMaEpJgHbwAfWo5bl81mbUUiyLlWBHqKzZpccwzQBGVIoAvaPEksswKhm2YTt82c8e/HFdOHVncyqxurmXf3UM00hgZn+Y9ucZ716kKkeVJbnzlXD1PbSlPRNmHeSDlWbc3XC8gfjWVWotmzroUXbmitPMyJ8+Yctu965r3OuLVtFYbEu90X1NJ7Gi3OptrUkKAK43I7IxNIWm1elRzF8pXkTHaqTJaBBzTETg4HFIY5WIOaQyTzcilYdwDUwuSSXSW8DyynCKMmkk27IbkkrmD4e12KDxC95fJHtn+TzWUsYVz1A+nFd0Y8qsjglLmldnXXfja0Gl3V7ZGNpUnWKGKQYZ14JYjqAcn8hRy6ged6pqVxql/JeXTZkc9OyjsB7CmJu5RbqKBCfx/SgAegC7/ZF8bW3uBDmO43bDn+71J9OhoCxRFAEtvDJcSrFEpZ24AobSV2CTbsjtdJ0eOxg5w0rfeauSc+ZnZCmoouyRgDFZM1sVJY1IIppiscxrVqbeQXEYxg810UpdDmqxtqKiKFWRRjK5HNdlOknqzBza0RreHoC03mkZx3rvlpE89vmkaV5Gv9swMOp60U37hFXSaOi3jbjNc3U6DAjwmvt711PWmcq/im4U4rludVjA1yMxXkUwrppO8bHNWVmmWWYMFLdxWEtGbrVGJqsLBw6jAqG1Y0SIUYMoHesnuWS7gFAqmybES7Wcr3paDGvHhsUNDTJ4woj680IRWlG45FNoCuf9YBUjLuB5YFWSWbaMhcr1rCbNoouCVQozjdWLNUKbkq43Yz7UrAYVnplvLGHLE167VjzVKTNGGzt4eUQE+9LmHbuWVI9MVDY4kqMrdBzUXLBzyMVUXqTJaDlKim2JIjmvYrVSXkBPpTUbg5WMC91qWUlYvlX2rZJLYSi5bkFlYXF/Lls4PUmh+YN20iXFhWOdo4+VQ7c+tePiZ802z06EbQRtW6lQue1cbOpF7+EcUhk6sGXnjFAETUARNTQhmKAJUP5Uhmxpd4llpt3K6lgjggDuSAK7sKubQ8/HVFSjzHBXDRG+m8yPyz5jZ2dOvpXUkkyql61BNx6F2OO0MEhFz0Hzb1I/I1qrHjulNPm5X5Btj8l1AZm5xuXjbngj/P50JCrVdUun3E8DwyKbScHn5o3Uco39R7VMoqWjFCrOGsegDDDyZwBIOR6MPUV59Wk4PyPawuKjXXmUbmzmMuU2FPc4rK51WJbaxwTJI2WxgewobHYhvrPbG7IoLY4NCYmjMhY+XsGVkPU1RIsCNBJl0LpwAfeh6gtDV0xJIpZGdvlc5x2FTKzKiaYO4VBYkmFX37CqjFydkTOSirtiFpNOgNznaW+6c43HGeK9NRhCFn0PIlXrKXMlpLR/fp/XU52dRG6yQklG55HGa55e67xOqnJ1OanPdFZhliWHDGpTu7s3dNcvKtDOnXbKwq9jnXmWtLh83UIFx1Oaio7RZrTV5o7y0tlXtXntnoJWLbIMYpDMy4iG7itYszkim3DVZmxwbikA7dmgY5SD1NACMwHOePWmFzm9Y1E3cnkxt+5Q9v4jXRThbVnNVnfRGaDWpiKaACgY1u1IBp+81AF3R7ObUNUt4IFQvndiQ4XA55oGlc9Mvwk4+z+Tv3cFB/Fnnb+P8ALNRGV5NdjdrQ8wvisuozmGHy1aQ7YxjjnpxVmD3Os0DSls4RJIAZ3GWPp7VyVKnM7HVThyq5tisjUjdcihlFaSMDpSAoXlqt1BJCf4wQD71pGVnczlG6sc87STuhKAMOGVRgAjg/yr3aGtNHjVXyzZ2Gi23k2i5HJpVJXZFONlcZf4GrQVpT+BmVX40bSjI5rnOixi3ZCa5GfWumOtM5p6VUbTyYWuax0mTrKme3BUcqa2pOzMqseaJDasXhTd1XipqPUdNPl1GaiBJCQOorFu5slYwEbYWUnmiWw47kgY7ayLEjy0mRQgZaK561RJHnGaBjD0NMRVPyzA1PUroXElUFQwp3JsXd8a42Hms5o0gwmnjCZ6GsrGlyl5xeX5STVcqE2ZEdxc6fMYySCpwQa74TUkmjlcLmpb63HgCVMGq0I5ZIvJq1mwzuwaVriAataf3sUnC5SZHJrdug+X5qagJ3Zn3OuSyDbENoqkkg5G9ygBcXcn8TE07laRNqw0LGJLg/hUudthO73Np1W1t2eMAKik1jOTs2yox1sjEtQWK+pOa8qTuetFG5EVA5FYllrgqMHNBQ8UAMc0CI25pgN7UgE34bFAFgygabeZ6Dy3OPTdj+ortwcuVu55eaw5qSOd1o+VrV2q4I8wkfjz/WupTaZ1wowqUopiWMxaVQbjac8AQ7z+uBT52yHhKUFfl/r5mvdwp5f7sNMzLlySu7jPPyZAHPT2q9XueRUdOnN+zd/TX8TJkWRoWBdtoPU/LjH8qJJtamSkoVLxZasbiC6Btrtgki/Mj5wCfr6/zqObTllsa+y19pT0ZFBqMLymKYFAT8jnoR7+lcVSnZ6Hs0qrcLz3NJQMArgj1FYHQgkQMvIFAGVcWK+ZvGQenFVcmwC3VwEYfKDkUXCxegiVBgDApDJkBZ1SNS7twFA5NCVwcrG9baRDaWputQdVkUhye0YB6e5NdlGPI/M87FyjOPvOyWpz2uT/bpprgoFRF2RJj7ue317n0rVxsm2cX1iVWrGnHSN7/qUb23SLRYMj94WGB7Y5pVfdpRXVlZfJ1MVUqX0/4JnzW4wI+AwG4+gPpWSt8J6FGuqkpVOmy87F3RPCLa808j3fkLEQpATJJIP4elN6bg5Ko7xMy0g+weI0tmYN5UpiLDoSMj+dZVNYM0paTR3cYAXpXAeiI/ApiMud/nNWjNsoyNzWiM2IGoELu5oGKZFRSzkADqTTsFzImup9Wu49O08DMrbQSdu78ewreFO2rOepUvoiGfQb62spbqdUjjidkO5sEkEDj1yTx64NbWMTMpAKBQMdtoARl4FIBjjBb6CgC3o99/ZuopdCNHK5Ubv4c8ZHuKGNOzOi1jxHa3FrLAqmTz4Mqy8GOTdxn8B/KkkaSkih4d07cwu5hwD8gP86xrT6IqlDqzrIiBXMdJJ1IoGDCkMhkGRmgCo3DimhMxWi8rW3TA2O4cfiBn9c17OBbdNnjY6Nqh18YUKoXpitGZpmXqBA1WAk1vTXuMwqv30bZI2jBrmOk5/VmMeoxOeldVPWNjkq6TTNkZkRT2IrnZ0rYr3DKytGOuKFuDMyxcrK8bUqrsKkm9DRkgVoicVye0OzkOXv7YxXG7HFbKd0ZOOoqlSvHWpdhkcbEOR2pJg0Wi+F45qrisR/eNADSKYiu3EgqSiVsOPQim9RIbl1IOalopMk3FutAEtmg87JHFZzKiQ6dpE+qStc3JKo3OaVbFQoLliKFJz1Yl/wCG7q3y0P7xPbrRRx8J6S0HKjKO2piyRPExV1KkdjXemmroxuNGaoZbtbGa5I2DrTfuq7I5m3ZGvbaHGmDcNn2Fcs8TG9olqlJ6yNS2tIYB+7UfWtVJyWpm0k9C4MelAFbVTs02TtuwP1rGs7QZrRV5oy7bgDHpXms9NGlExK5NZlF6D7tIolJ7CgYxzQIjPWgQ1jxQBSnm2keucVSQmy9bDzo7qH/npayD8Rgj+VbUN2jix/8ACuUfEFrGbj7X82JUQnjgHYK9Cmk4q5x+3qRjywf5GfEjRbcMATzhYyTitkrHHUrKo25K/q9DSjvJ/IaASmGE8vtwpOPU9T+dDjrcz9suXlskvJEP7skFo3eNcbFY5H1/E0WS3MW237mhFNCySeaOImHOO474qZLqaUai0Tepb0l47dRFc6dDdwq5IV0+f6jufpzWXs+iO54pp83QXWbtor4vYLGtu2CsYQKF46cd6zq0tNUaYavKVR2lp5kcN9vj3SxlK5/q8rXR2QxkJT5OoPcwOOHH48VlytHouhVW8WPs7ee8ZvscRl2/eK9B9aqNOT6HPOSg7S0NCLTgJAt5f20HONqvvb9OK1jh29zknjaa0TNrTjYafYyXYRh3BbmQr0Bx2BNbqmouyOf6zzQdSWxn6he3F6iTCMrExxGp6D/aPrXVThyrTc8fE15VpXlpFfiU4YleYKAWxGRuI+UE9T7miUE2kYRrTgm49StexeYWeBDIsI2gkDanv7n+VYVm27x6HqYOPLH2M5ct9X3+f6L7xlhoE+oRvIZAke7BOMszf4VlTpqXXQ6ljIRhakttF2X/AAe5paRqWn+H7uezu5iEmbjCAK2BySew4xjqaVWnbQ1w+IdW8ux55LKzTtMCQ5cuD6HOaSStY2u73O30jVotQtQ24CVRh07g/wCFcM6bizuhUUkXZJBs61NimzIuJOTWiRk2UWkyaqxNwV+9FguVptTt4WZSSzDqFFWqbZLqJGTeX0t22D8sfZRW0YJGE5uR3/gvRLnTrSaTUreIRSbZkyQWUgHrxxWjfKrshe87EvirUNPhsk/tOwuLgyAmGM5WPd6lvUelTGTcU2ipJJ2ueagU2SSKtAyVIjI6xoNzuQqgdSTQM0dT8N6ppizNdW4CwqpkZWBC7ugz6+1IDFkH8qAGAc0CLenWbXt0sY+6OWPoKicuVXLhHmZ2cEaxIqKMAcCuJu52JWLKnGKRRKpJNAxx6UARv0pAVJB81NAzI1dvKvrWX1Tn8DXs5c/caPKzCOqZ0tlPHNbq6nPHNbyVmckWmjA1u8H9pxhTwpremrRMprmdzobeRZ4UcN2rmkrM3TujP1wK8Cuv3kNbUXYxrK6J9Nv0mtAGI3KMGoqRsy6crolBiIZu5qUrFNmHI32W/wDMbO0mqnHmREJcrOkgkiltg6kYxXnSjZ6noRd0Y2qwBwW4wKqCuTLQ5uSQxy7e1aqJFycJ8u/1qWhpixkhvahAyXpyKpEDX4NDGQE4kBNSUOfJJwOtMkNuQPagY5eBQMvWK5kxtzxWNTcuJ0sSLHEERQFFeDKTk7s60rDnIVOlCGef67IJNSkwOhxX0mEVqSuefN++zOzXSSXNOv3tJR3U9RRJKS5WLWL5kdJFdJOm9GBz2rijheSd0W63MrMmhl3cEYrrRgWI3BbGaBlXXW22aIDndIK58Q/dOjDr3yhbjgV5zPQRpRcqKhlFyE4FIpExPNAxjGgRGeTQIilbANMDKuJN08YzwDk1oloZt6mtpLWj3Ob1isaqSrDOQ3bGPxrTDpudkcuPcFRvN2HLp51LU/3AWSONEQlnK7doA/Wu/lUZWPOp1pSoxUV/k/Utaj4ZwpnnvLa1iH91WJPtyeTVe0vogjhrL3n9yObeIPdGOzjuJlHAJjOSfoM4q+buZOlJu0UWotG1JpBJMv2YYyDIeR+FNO5FRKjH3i6llE8Dl7l5hH95s9PwrSyaOF+0U17vLchOpQRqqqZX2NvU7Rh+38qxc7K63PXpZe5tpSXLs11Rm2jzy3k0FupUT5O0nO0daxhKcrpaXPQxUKCpQnUV3HT/AIcfpxDPMGYnywSM84I6U4L39+h5+Yt0qnurRhiGWf5hkk5cA8n3H51HIpanpUs4rUMKnKN+hZitHRcxOEjK72BY9O2R37fnW0YJR0OLG4l4q7qaW/qxo6NZXs8mYhHDGYz++2/dPTqe/U8UtVY4qEVytpfPsdFeC3tLCSKIBmdQjt7dOfwpxTbuzWo4wpNLUzntTY28nmMTbBGeMxnIOBxiteeKjdHA8LP2nLVencxlmn+SSBtnmR5QY/MVhOUpO8Xo0b5dOhRxCVePNG9nf8/kblq6tpxaN+JYiG46HGf5ispScrXParYKFH21OC13X9ehLp15FY6eIpoi6tmQFPvLn270qUeWLktjwqNT2cFCpHWWq8zkfF6re69bw2CGV2hAEaqc5yTjFVN3Z6mGioRdjlpUZUBZWAPQkYzUHRcS0upbS5WeE4Zeo9RUyipKzKjJxd0dPaa7b3n7s5jkPZuh/GsHTaOhVUyO7kwSQaEgbM9rhVyWYAVXKRzFW51IsnlwZAPVv8KuNO25EqnYoVoZEts0S3MTXCs8IcF1U4JXPIBpgenWniuzntVkWI21oZlt42mf5nJ6k+gA9z1p3GcX4p1h9V1SVIrh5LGKQ+Qp6DgAkfUikBkKKAJ4YmmlSKNdzuwVR6k8CgZ7Ppfh/TbHS44VsRkESkSEO4cY6N9R2qZSaTaBbjtcsLe/sB9ssp7lEfzTbQnBkYDAzyKmDbV2rDaV7JniN4pWeUGIxFXIKEcpz0/CrEyunPFIR2GjWIs7IFh+8k+Zvb2rjqz5pHbShyxL4PNZmhIG5oAmU4oGP680ARueKQFWXpTBmP4jGIrVv94fyr1MufxI8/GrZlCz1We1XajcV6bs9zzuW2xXnnaaUyOck07gom/pOqKIPKc4x0qZRvqQm46MszSRyI29xiktBPUxY7k29wdjHZmqkKOhu2t3A0f3hurKxqitqEsLgrkZ7U07CtzFeHVWs4vLGWrFwU3qdKk4KxJc6p59uBjBrJwUWXzXRklA8mTUc1hqNyZZSqbCtHNoFkmIDhqQMeGO4jtVIhgx4oArv94UiiUAjBpiJcfISR1piIweMUijQ0veZcHgYrCozSKOiyAfvV4VjrKOp6klrbszkZ7V00KLqSsjOpNRRyNnayahPNcOPlAJzXtVKipRUTjjHmMx+HI966L6EoKakmNpomguJIGzGxFUnYhxuXV1ifbhgD703Zi5Wi1bX95OP3SD60WRDbHXKXA8t7h9xJ4HpXJi2rJI6cIndtlm35xXms9FGiibVBzUFosoRtFIY9W4oGIxzQSNJpgU7qTapppEtmMu6W9xnAUVq9EZrVm/YWguSyLJs8tC/I6n0rXCfGcOaR5qB1Gk7BZ2+zG7nIFds92cOE/hxL08iiPlQX5C5GcVMVdm1Spyogs97MSNxx07VcttTGndy0dyW7gLxbnVSxUg46VMZdjSrTuk5HHvo14IJ9gHlEbiADk46CtXG6tcl4qDqKooN26vp5mXbWpMUyzqQQuRj9P51nGj7zcuxjXxrhXc6EtGT2bSQTB44tzKCELdACCD/SrhFtK5KxKhTfvavf8Ar7xLfTREzSSy8t1VauNJJ3bJxeZuuuWMbeZHeCK3XdbQs0jcbsZGKmpJQVoorCc1e0asvdXQr24uruZPPWZoiQMD5VwKygpzaub150ad3C1/vZ2FsBa2Q80mO3QDnuT7CumTjH1OOlGc1d6RWpVvtdiuvOs7SN4pVAKM2OT1zWKg3JpvU73WjTpwqKPuPf8AUpaBqqfZLjTLvO2RG8sf3CQcj6GsEnzcr2Y68XSk4S1T2Znw3u3yrcrkKSVI7D/9dac6sl2Oanl7xFOVSL1NO0u1Nnc2q5xncGHYdT/n3rCXVH0+GhNxw8pa3Ti7eS0/AXTINSkus28LSBiNyk8Y9z2qYScXdHp5jhMDUwyo1dElo+qfkQ2at/wsoBxzAWJ56YQ060rJyR83RTatLf8APz+ZN8SIIINJ0+O3hhRImwp3DeAQTjHpnkn1xSg+ZXG42djzg8HIqhAWyc4AoAXex7t+dFguJyaAuKKBC0wFxQAuTwM8DpQA9KBkq0DHhwpBPIB6UAdjbfEJ1ut0tosdvBCVt7eA4UP0BYnqAM0h6FPU/HWqXhAt5jbo0KxyKuPmbuwPbOe3tQF0ctKxldmZizNySTkk0CJtEgE+oqHGVQ7iKyqytE0pRvI7QtxXCdxHnmqJY5Dk802BOppDHk0ANY8UgKzd80wMjxCC1pbY/vt/IV34Kai3c5cTTc0rGEqE+1ei6qRwxoybsP8AJO3Oax+te9Y61g1y+ZGHZDwcGupTvqcE6dnZjxcSsMFzinzGbikHzmoc0jSNGTV0holdCcMRS5hcgGWRzksSaG9NQjC70Ldv8wy/WuKdV83unoRpqMdR7x/NkHij2jaM3BCxp84zU7sNkXZYx5SnHNataGF7sqt1BqSgJBOaAJOCmaZJXk++KRRYxkYpiEYnbtoGEA3S7cZPapcrDsdJpVo2QWTtXJOV2bRRnahrkNuhVCGk9q5qODlN3ew51UtjCijutWnzJny8/lXpOVPDx0OdKVRnSm0jsdKkVOMJya8v2rq1U2dXKowOFbkk+9e+jiAAkZ9KyvyuxqlzK4Y4yKuMujFKOnMgFaJmZoaZfG2fa/3TT3RDjrc1b+RZUgZSDnPT8K4cVsjqwy1Y+27Vws7kaCuSMGoKJlJCjikUSA9qBATzQA1+BTRJmXr4Bq4olmdYklmY/wARq5ERN3TpY4psSPJucfIiDlv/AK1dGD+Jnm5rrTSOjsLqOP8AdzL5TocDnII9q7Jxe6PPoVoxXK9LF68vorW33+Yvz4Ck9zWWz1O13lFuGoyHVIMlgMR4wir3NXKPzMaVZX2suhJDqAKyPMyoiHj3FU4bWM6eKvzOeljP1LVDDAf7J2MWIDsckAew9afs3a7M3iqMG4xvqYMcytLskXazfrWkanvcstzzJQaV09Bl0ZGkW2t8I5G4sfT2pz5n7sTpwsaUYutW1S0t5lV1vBd+RuLhhyeOPz6Vg/aqXKmenTWCnSVWStYsW9pNHIr3EgduuBzWtOnJO8nc4sVjKU4clCHKjV0u1a8uODtROWNaTkoGGHws6r5unck1q6V/3UO0xxDJY+vtUQi0rs0r1PaSUKeyOfKWs5Zo7lYLyH7pk4Eh9CaynKO63PZw2GqxpulUV6cvwKWpyJLdi6s43TKgsCc/NjnH41jJtu9j0aeEiqKpyd7eeqH6fY3eoXSrbgjOOfQd6Jau4sFGNGLb6b/16HoGn6BaWsO24bOcEjPWs7XJjiY4e6o6J6/8MajTwW8YjgCgdlWrUGcVXE3d27s4XxRay6F9m16ymeK9nlcSZ+Yc57H24qHZs1jdLU5jxN4il1+aN5LaGERjjavzE4Gct3GQcD3oSsNmEaAG0ALQAvamI9D0LQ/D9zpaTwK9w0kYSZJSRk9ce2COoolKMdxqLZyfiXTYtK1mS3gkDRMBIgGcoD0B9aLp6oVraMyqADvQBKlAx4/WgY0qx4pANMZoAaUYDg0AbXhTQ/7c1B4JpJIoUQkyIAcN2HP4/lSbsCVzdn8PLpMVneIV3shiuQDxuz8rY9SOorGq046G9JWlqSKdy8VyHWOCGi4rEiR0XCw8jFMB6n1oGNc8GkIrsTTAzNaI+zQA/wB8/wAhXRRTd2gTS3MVkP8ADXTGdtGRKF/hEVypww4pypqWsRqTjpITYr+1EZzgZypwnqKIAO4puvIUcPBEg4FYym2zVRSWhG0QY5rSNVmMqcWJtCjpRKpJkqEYvQmQfu8jrWY27uwquQOapGckSIec5qkiHaxYE4ZdpPStb3MLEbgDkUhkZ56UgHAkDFMCGQ/MKTHYtI2cfSqJsI3XNA0W9KiL3QbGaxqyNII7vTYiBtZO2RxXLe7Njz6y8PYPmXRJp1cd0gZxo9zdhWGGMKqgL7V58pSm7s3SSKuv3axaa6r1biujB0+aomZ1pWicolvnTXmI6NxXsupaoonHy6cxSB5oqK6Nabsx/wB36Gs4y5l5m1uV+QYA+lWpt+onCK9Bdh6iqjWV7MmeH0vEuWDMTtYnA6e1Y4vZDw+jZtW524OK89nYi7G2Xz0qWUTs4YDjmkMcM4zQA4HigCOV+KpEmLqL4Rua0iZyHWUQEK8dqJAjX0poo5pmbh0iLK307V04aVtO5wY+lzR9pfYu28EhsIpFztYlxIOdh9x3+lehdPY8FU5JJtaFKWDUbpUSSGO4jUkhlJT8cHFZSjGT1O6jKrSj7j0fc07DTtVDIv8AZqLGf43lAwPoKScYq1yp061Z+0kle2nkdPBZpFbeWypvI+YgcGpc22bww8YQ5WtTn9a0RijS2LNFKOcL0NbRndHDUw8acubluuxzk10JETz1EdzG3OOjD1FKfvWfVHLGjZtw1iyS2lFzqjuASEXYh9fWtYS5pXNMRQlQoKHV6v8AQuuwU4at+W55yv0IQ5x1wM96fKW9SWx1GMQsvnKi9MbgGY5xz7Vy+0g5XPVdLEez5bu34EszwxPbtcIzQynaSO56gVM5uWiN6WGp4aPPN3l96Ld9p2manC1zbfuJ3GFZ8hWI/wA9RWXvLQ6I1qdRp1G0jEh0UpcMby4WKFSfmTJLf4fjUxpTlI9GWPwNKjonJ+ZpLqCWcfk2CCBPUfeb6muyNCMV7x85iMyrV37uiHw6lcyjbv8AmP8AE3Whxj0OJ16u1zYs7YxWjXl1I2/aSOeVGOtc1Wd/diengcK1atU3OV8d6lZXekWMMM++cFZGXd0BQcn8x+tckYpNvuevJtpHBtWhBreHtAm1qWT5mjgQEGUAHDY4GKALfinRItOjgntlCofkcA5G7rnP+elJNMbVjm6BFnTZYoNRtpZ0R4kkUurglSM9wOtMD1uDULLVLdDAQ8LMVi4K+YVGTj27UpxjNWkVFuLujzbxTdWl7rT3NjIzxyIu4MpGxgMEc/SmJmP2oEKOSB0+tAHqPhvwbZQWolu2gvGMkc0NxETgY52+hH88+1DY7Gr4j8NWus2x+zR20FxJKry3JXkKBg/XtxUqSY7WPMdb0+PS9TltIbuO6RMYlTofb61QFDGaAGbGLhQCSTgD1NIDp7DTNc8NFtUltf8AR4zi5hL4JUEfh1PGP5UpK407GXqevz3t8GjjEduZMhTgkc9c9vwrPkSjZF+0blc6OyG+MGuKWh3R1NBYuKzuXYcY8dqdwsRsuKpEkZ61QhrHtQBBJz0oEzO1hQ1vCe4J/pXXhZJNpmVSN0Ye4g11zpJmdKtZ2ZICsnBrmtKDOpyjJCGH+6av2j6mXKhhBQ8mr0aM7tPRieY3TrU8kWP2jQocjFCpoUqhI5BAwKfKiFIQbgOtKyRLd2EnQc0Ej4iCOaauTK3QnEYxkVdjK4jHsaBkfVuKQCkHFAETMMgUAWl6Z9qYhVGRSY0b2gxI25Tw3Y1y1GbQR2dlG4Chzk4rJXNGcYZvMgCh9wI5xXFytMq4gWNEDEnA5o1bEc3rl4LucRxHKqcY9a9fCUvZxuzkqz5nZF2S3EWgMpHbP41iqvNiC3G1M5xoyIw/Y8V6d76GCY+Pa3D1yzXKzshLmjYRl2HHVT0qvi1W4k+X3XsAO36UnaXqXdw9CzZcuSKxq3tZlKz1RtQElRXKzVFwNnHFIZIp6AUhkmaQyQNxQIgmbirQmYmoNkqvq1axRlJmhaAGPB9KhjR01lBHZWi3FxAWRseZxnap4J+nSu2nG0UkeZVnzTfPsTHR7q3JfSbtRE/PlycitlUXU5ZYWcf4T0ZIltrbMcx2SkjBc85FNyh1JVPEX0SRZm03VLmEpLq7RMe0MYA/xqeaPRHQqNWXxz+4ovoutwtvttYdyP7zsP0ORT5ovdB7GpHWMvvH2+r3ltNFa63b+WznCTrwCfft+IpuK3iT7XXlqaMxvEVlBDqErSyAIQGVF+8WPYfl1p87Ob2bo1LrYm02yW1hWe+ZLcFcRx7sHFaRlyqyIrxc5Oc3v95R1C5SNSWJ2NwCBmumU4xjdnDQoyqStEwPtMxOxJC+w71buMV5rqylonex9DHD0oJSkrN6FzTbM3DoWTPOFGK3oUk1zyOTG4hp+yp7nRakkQtUsFjDyIuJGx0zzgH1ol712jKDjScYPcowTTum9ppGkT5DxlhjsPSltsOp76u1qhqzNduBM2VU4Cq3T+lXzHKk5SNJLbT/AC13qWkHcEn/ABq/elqOSpR92+pd0xbaOYPDC7uehc8CoqJ21ZthY01K8Y3fmWNWctZXYnXeFhYhQuQDiud2Wx6cVJu7Z5AxrI1GE5oA6vwHJbpeyKXuDcOP9Wp2xhB1ZjnnFNAM8Y6lYXIjt7NzIFPmBkfK8k5BHr0P41Kio7FN33OcuLSe2CmaMqG6GmSQ0ATw3t3A8TQ3MqGEkx4Y/Jnrj0zQO5DkkknnNMQUALQB6p4HutNXSvMtraS1RcJJJNNlZJD12jP9B1pPYpHSvLHAzWdtNDHdyIXjSfkP+ozjvisadKNPSJcpuerPJ/EmqahqOolNT8kSWxMYWEDaOexH7dT5P9OPA8BxrI8j1Mc5NBIfc6xUbMhRKHPkPiZXyc1MGuNDHx99EoltjjVl7maOGGHZHAnJfcyRHJHmGKO+H0yiz8fn8/kjvj++n//C6/F4ec+kBUUJPQPHWjFZ05gyVtYIoWDNRfVqlnMfa9Nu6ZVZ4s7aBNeJ9Sp3GwW9X3M9+4aEfyHKzqmkv8Pv/NT2qZkAZhvFJOHhuHo28Qoe1EUXvVfUQZz/Qr3jDBupppoZJ/bMWHEaES93Ct0sz+TokDTIzzyeK4pPCokYQR9CLUyRYWzMmPd/iYyjx10d1/xGi8ele+76MWo+IbEBWti2cmdM1cw6GjOKnvHAnhzUdwmCDFsf67jhFt3Kvpvrk1Eru6Ot4y025amGNR3+Btdi2FOC8J2CxIhaGGHXojpOnvpbtwOstCmQEwAJpR33lCFkbhleO06ZnlPYO+Pfm91bL0nxEVi7JCvo1/FdTl0XGod7YanB9NuJ7PPO24LjKJI5lj0ZywVthhmNxv3gSgg7bexi6rR0z0tnMwd/zupzi1j83z7e0udJmO+Urbe3L92CD0e4d6Q/sm4Ir5CxO9HlzUFrWZOlHMHxBnuRUAJUtM/CVwGDVk98I/j4Tjg3LPfyZX8sjF1003sAwgOnhNgsrXjac8ofyNyNhxqF9dGxaOG4m3rXfKu5tDA6AteiNJm45dPY3aJOC/Zorh3Cu8b7nIqW4NehIjNh72wGZAlTafY9ceWCxdp/3Ixbeq/mNRbhttVqsTESO5k6mjA4/OHP2aeuU64foVJI7u2Zk0cdMCd/0uthrgeLgUtMe45B1NxDKTZLYUrUs54thfL/2vQb76YNaKyy1pre8w+ucNyic+dJPfrJIuzD3+EkpxhPsb4bmBlWDvqp1Nc83qmQo5Xwtr0X7eCrilelzjOypxumnwQjnEfWPYVK4CaKrUZFU4NNPKWvFMMFa8h4vL/+IfHJF3BDQU06bTuP5NYwHTs7ETSH0humz4Oq4C3e70/p8Hnvqs+hKswIjA/BUEbmSOscaNEXm27eN2iSc5WM39h1uFez5hjJ/+5BfT31cD8qAWuruE9X19ZoTospc/QZWtRH3BNTg4rJyh3JEGGVCzXikJdub1Ft/wg8ungWvovT7e/HnrSCUJYrrcx82HswDhccRk9Wr0hQY18e1CAEFWPddQojl+u5GS3vnRaIvfCXXym40Bp9b14CNNS6d+vzPP7Ed74K/zAMy0zwpUJKP9orXdvZOYGMdnpZy9mb2qwHD/xKOa8u+qD0Ykqn5pWJVmOViPEsB6QRPSBD6scu9J1vKGiaRJmZgxc4+mV+o/ylUaeeLtEXNZwPadLu+kdgD3XCzjqp0sFgOo9dk0RXaD8blP2U1XZVQfNDmeY6TFv/RW67FHcC9gsef2Ew2sq2dFAAJLV4/9xGnKbrlFqTl7y+du83RVCGP47ypVCMmr4n0tPcsKRwaLIsfng89XxCD/M0Tj99xEXQ/IRsp5ZAqRiGmzvHucQx+rXQ+MfPWC2Qj++28mLrOcIcsj5KQfi/fS8fWcHkYrSkzFO792UlGm4nGJTE6p4T9RJqXMH/iZQUKEqH6o0wh8nzAV98C5cSXfzbYAx7YyVLkzeSynO/eR2t1xu37mc5ZnUSU0XkHr/kCRA9ONXSg67bqPTgUIQlbODjpKX/9YcOj+Re6/qVY5C+1byrJvpndgURruWkfa/yGqTL1Nt2gvgKinFAbenysvSRfJg+6oRozr1UxPHKDGqU5FTOdqRq1z1f8FFdcd0f/I0GtTJV0u0PF6qCuC8QByQxHU+8UnvxKg+ILjFZj8WbtWcVmdih3zesTT22QhCrrkityLPw/gpSoJAVWEjbeC1b3v/YZ+vE8/4G/C9m+eR0LiLVltKria6cb0czMt7dXEurVV0WpkuPicNwuPs+e3WMz/Zr8TnUyvWhnF+4pny51MhbNhQked+wjHBGJKwTEtA+6zAUE0tveMqB4bsgxy/47vqxFO6NIhE0WmYzinNOC9l5Oq+xxmWQPh5NoAZmFazkdyp0ITbpAUS/Z519l2pXSOMFVoy6x/rFr1LavT7Il2fKB0qEuz/V0ySR1yPnVS7VhYRlhgkoR9gpL/6RNaKqXKwlRO9aet+TFuM50spPmfH0M5MaMhuldu+jDoNTRgd7E3yqTneLgA6mf1Bz6QcTG2iKoeHa2jEKb8H7mr0jKHp8gJ1kLVymrjNpN3l9amZCd5Wg+ooVqBo7LJOclCS6Fc7awG5MfyD/9WhxvSSiiPvg29oi6mjrYdXlt/BlOJmiQwNr/tom141udd4Nass4nEX62hiwVHpf6OjFIV3JdtfzeYQZTSJvVsNix6alS04SvnVHrLfcbX1Y0m60u/vQJOUZR5WRU9UfqZLCQ4cNsJrG6JY/V5U49Nfp4swchYPEQgNTOqNs9vuu3K/CR+7peoQa/aCo1ZECbyfEryoGFQwefFqdoxNT6u5ScJDM7h/wLfJsPccnRZhg+qKsRNA9Zz+mN0IdSsxocIjIutKYu4rT+okq9yxbljtdZnjv588R8btsZhLOgFrX/jVj0WJGrjU4+fAA4eI7Aa/XdCwqcQlKyPqfH7MNIsEfieRb54NH1Gql5QMC58RVau+TjuQKccabDGpI+K05J0yFBpv594wqI/Vgc4Pkqe2l4FLKM4tF2j9Vsc80DYwOUIjiXUhEYcmvV6c2yk6Ebq1ObrfI6ustDMSIzhnKMGeb+jZdnDgtk+m32pxPJZkMQe4aWHYWmI9VjyZ769zxf/spb4U5rvH1sRw/7Ni4cmNxwaP6N1Ca0uX1txWqpeLyYNKNBVqPtGlUu/xNlpn1qvnomnLivEdTiztz0VZLjURYhgglG3uqcEtUKvLPmItTBHzZguY/CeiGCXayL3ayQV3vQGC4wPSKK6jhz7bkUusvlN1t8UUziSudsVVYWOH6aYr/xf5598fBii/GJSq4Ke62fiNwqJHUE5GJ5grGmdfX9dXgyibOBfYLmzLFbXghG/pk6C8MbdAYIj4EQ4kTreSq045jZIK6NwxtbEw9flgY5TfqKpG/2nzytsAaQELSei7aVrPkz81zK5gyZ43zRBC0dB1jjPDzd1L8ctB+hjCihAYGoZHNu6G+027knLuE0Q+OjYrz9y+gi3johjcSwebqVTW2z7308M2Jbh9P/jMrAAAAAAAAAAAAAAAAAAAAAAAAAAAAAAAAAAAAAAAAAAAAAAAAAAAAAAAAAAAAAID/n38BUEsHCE5SzQEgygAAAAABAFBLAQIUABQACAgIAF1af1ZOUs0BIMoAAAAAAQAJAAAAAAAAAAAAAAAAAAAAAABpbWFnZS5qcGdQSwUGAAAAAAEAAQA3AAAAV8oAAAAA</con:data><con:id>6251e50c-6376-4282-ac20-43e16b18fa1c</con:id></con:attachment><con:jmsConfig JMSDeliveryMode="PERSISTENT"/><con:jmsPropertyConfig/><con:parameters><con:parameter><con:name>path</con:name><con:value>/Folder/Folder2</con:value><con:style>QUERY</con:style></con:parameter></con:parameters></con:config></con:testStep><con:properties/></con:testCase><con:properties/></con:testSuite><con:properties/><con:wssContainer/><con:oAuth2ProfileContainer/><con:oAuth1ProfileContainer/><con:sensitiveInformation/></con:soapui-project>